2019-10-28 09:35:21,471 - root - INFO - SUCCESS    Start a new browser: firefox, Spend 11.889815092086792 seconds
2019-10-28 09:35:21,751 - root - INFO - SUCCESS    Set browser window maximized, Spend 0.2802865505218506 seconds
2019-10-28 09:35:22,515 - root - INFO - SUCCESS    Navigated to http:\\192.168.54.124, Spend 0.763923168182373 seconds
2019-10-28 09:35:22,596 - root - INFO - SUCCESS    Clear and type element: <xpath -> //input[@name='username']> content: wuzs0001, Spend 0.07878828048706055 seconds
2019-10-28 09:35:22,644 - root - INFO - SUCCESS    Clear and type element: <xpath -> //input[@name='password']> content: 1qaz!QAZ, Spend 0.04787302017211914 seconds
2019-10-28 09:35:22,688 - root - INFO - SUCCESS    Clear and type element: <xpath -> //input[@name='captcha']> content: 1234, Spend 0.04188823699951172 seconds
2019-10-28 09:35:25,484 - root - INFO - SUCCESS    Clicked element: <xpath -> //button[contains(.,'登录')]>, Spend 0.793867826461792 seconds
2019-10-28 09:35:27,215 - root - INFO - SUCCESS    Navigated to http:\\192.168.54.124/csdp/manage/#/manage-view/systemManage/sys_regionMgr, Spend 1.7304012775421143 seconds
2019-10-28 09:35:27,215 - root - INFO - 添加endpint
2019-10-28 09:35:27,476 - root - INFO - SUCCESS    Clicked element: <xpath->//a[contains(.,'河南')]/parent::li//child::i>, Spend 0.2593381404876709 seconds
2019-10-28 09:35:32,546 - root - INFO - FAIL    Unable to click element: <xpath->//a[contains(text(),'2222222')]>, Spend 5.06746506690979 seconds
2019-10-28 09:36:07,500 - root - INFO - SUCCESS    Start a new browser: firefox, Spend 9.754140138626099 seconds
2019-10-28 09:36:07,768 - root - INFO - SUCCESS    Set browser window maximized, Spend 0.2675321102142334 seconds
2019-10-28 09:36:08,439 - root - INFO - SUCCESS    Navigated to http:\\192.168.54.124, Spend 0.6702144145965576 seconds
2019-10-28 09:36:08,507 - root - INFO - SUCCESS    Clear and type element: <xpath -> //input[@name='username']> content: wuzs0001, Spend 0.06781744956970215 seconds
2019-10-28 09:36:08,547 - root - INFO - SUCCESS    Clear and type element: <xpath -> //input[@name='password']> content: 1qaz!QAZ, Spend 0.038895606994628906 seconds
2019-10-28 09:36:08,581 - root - INFO - SUCCESS    Clear and type element: <xpath -> //input[@name='captcha']> content: 1234, Spend 0.03390979766845703 seconds
2019-10-28 09:36:11,344 - root - INFO - SUCCESS    Clicked element: <xpath -> //button[contains(.,'登录')]>, Spend 0.7618043422698975 seconds
2019-10-28 09:36:13,385 - root - INFO - SUCCESS    Navigated to http:\\192.168.54.124/csdp/manage/#/manage-view/systemManage/sys_regionMgr, Spend 2.0389344692230225 seconds
2019-10-28 09:36:13,386 - root - INFO - 添加endpint
2019-10-28 09:36:13,631 - root - INFO - SUCCESS    Clicked element: <xpath->//a[contains(.,'河南')]/parent::li//child::i>, Spend 0.24501585960388184 seconds
2019-10-28 09:36:18,695 - root - INFO - FAIL    Unable to click element: <xpath->//a[contains(text(),'1111111')]>, Spend 5.062456130981445 seconds
2019-10-28 09:37:06,316 - root - INFO - SUCCESS    Start a new browser: firefox, Spend 9.299380779266357 seconds
2019-10-28 09:37:06,584 - root - INFO - SUCCESS    Set browser window maximized, Spend 0.26625490188598633 seconds
2019-10-28 09:37:07,242 - root - INFO - SUCCESS    Navigated to http:\\192.168.54.124, Spend 0.6582379341125488 seconds
2019-10-28 09:37:07,316 - root - INFO - SUCCESS    Clear and type element: <xpath -> //input[@name='username']> content: wuzs0001, Spend 0.07280302047729492 seconds
2019-10-28 09:37:07,369 - root - INFO - SUCCESS    Clear and type element: <xpath -> //input[@name='password']> content: 1qaz!QAZ, Spend 0.050861358642578125 seconds
2019-10-28 09:37:07,415 - root - INFO - SUCCESS    Clear and type element: <xpath -> //input[@name='captcha']> content: 1234, Spend 0.044879913330078125 seconds
2019-10-28 09:37:10,126 - root - INFO - SUCCESS    Clicked element: <xpath -> //button[contains(.,'登录')]>, Spend 0.7100677490234375 seconds
2019-10-28 09:37:11,794 - root - INFO - SUCCESS    Navigated to http:\\192.168.54.124/csdp/manage/#/manage-view/systemManage/sys_regionMgr, Spend 1.6685361862182617 seconds
2019-10-28 09:37:11,795 - root - INFO - 添加endpint
2019-10-28 09:37:12,056 - root - INFO - SUCCESS    Clicked element: <xpath->//a[contains(.,'河南')]/parent::li//child::i>, Spend 0.2603037357330322 seconds
2019-10-28 09:37:12,317 - root - INFO - SUCCESS    Clicked element: <xpath->//a[contains(text(),'11111')]>, Spend 0.2597076892852783 seconds
2019-10-28 09:37:12,580 - root - INFO - SUCCESS    Clicked element: <xpath->//a[contains(text(),'11111')]/parent::li//child::i>, Spend 0.26030540466308594 seconds
2019-10-28 09:37:12,624 - root - INFO - FAIL    Unable to click element: <xpath->(//a[contains(text(),'vmware-api')])>, Spend 0.04193472862243652 seconds
2019-10-28 09:38:12,393 - root - INFO - SUCCESS    Start a new browser: firefox, Spend 9.324280023574829 seconds
2019-10-28 09:38:12,669 - root - INFO - SUCCESS    Set browser window maximized, Spend 0.2753632068634033 seconds
2019-10-28 09:38:13,340 - root - INFO - SUCCESS    Navigated to http:\\192.168.54.124, Spend 0.6692488193511963 seconds
2019-10-28 09:38:13,521 - root - INFO - SUCCESS    Clear and type element: <xpath -> //input[@name='username']> content: wuzs0001, Spend 0.18051886558532715 seconds
2019-10-28 09:38:13,566 - root - INFO - SUCCESS    Clear and type element: <xpath -> //input[@name='password']> content: 1qaz!QAZ, Spend 0.04487466812133789 seconds
2019-10-28 09:38:13,633 - root - INFO - SUCCESS    Clear and type element: <xpath -> //input[@name='captcha']> content: 1234, Spend 0.06480908393859863 seconds
2019-10-28 09:38:16,313 - root - INFO - SUCCESS    Clicked element: <xpath -> //button[contains(.,'登录')]>, Spend 0.6790027618408203 seconds
2019-10-28 09:38:57,081 - root - INFO - SUCCESS    Start a new browser: firefox, Spend 9.829808712005615 seconds
2019-10-28 09:38:57,369 - root - INFO - SUCCESS    Set browser window maximized, Spend 0.28640294075012207 seconds
2019-10-28 09:38:58,060 - root - INFO - SUCCESS    Navigated to http:\\192.168.54.124, Spend 0.6901180744171143 seconds
2019-10-28 09:38:58,138 - root - INFO - SUCCESS    Clear and type element: <xpath -> //input[@name='username']> content: wuzs0001, Spend 0.07679438591003418 seconds
2019-10-28 09:38:58,186 - root - INFO - SUCCESS    Clear and type element: <xpath -> //input[@name='password']> content: 1qaz!QAZ, Spend 0.04687309265136719 seconds
2019-10-28 09:38:58,232 - root - INFO - SUCCESS    Clear and type element: <xpath -> //input[@name='captcha']> content: 1234, Spend 0.045876502990722656 seconds
2019-10-28 09:39:00,978 - root - INFO - SUCCESS    Clicked element: <xpath -> //button[contains(.,'登录')]>, Spend 0.7448363304138184 seconds
2019-10-28 09:39:02,689 - root - INFO - SUCCESS    Navigated to http:\\192.168.54.124/csdp/manage/#/manage-view/systemManage/sys_regionMgr, Spend 1.71044921875 seconds
2019-10-28 09:39:02,689 - root - INFO - 创建VMware服务节点
2019-10-28 09:39:02,972 - root - INFO - SUCCESS    Clicked element: <xpath->//a[contains(.,'河南')]/parent::li//child::i>, Spend 0.28079891204833984 seconds
2019-10-28 09:39:03,313 - root - INFO - SUCCESS    Clicked element: <xpath->//a[contains(text(),'11111')]>, Spend 0.33910107612609863 seconds
2019-10-28 09:39:03,630 - root - INFO - SUCCESS    Clicked element: <xpath -> //button[2]/i>, Spend 0.31515002250671387 seconds
2019-10-28 09:39:05,764 - root - INFO - SUCCESS    Clear and type element: <name->serviceName> content: vmware-api, Spend 0.13164758682250977 seconds
2019-10-28 09:39:06,013 - root - INFO - SUCCESS    Clicked element: <xpath->//div[2]/div/div/div/span/span[2]/span>, Spend 0.24737071990966797 seconds
2019-10-28 09:39:06,611 - root - INFO - SUCCESS    Element <xpath->//div/div[2]/div/div/input> type content: vmware,and sleep 0.5 seconds,input ENTER key, Spend 0.5973737239837646 seconds
2019-10-28 09:39:11,682 - root - INFO - FAIL    Unable to clear and type element: <name->authenInfo> content: administrator@vsphere.local, Spend 5.06879734992981 seconds
2019-10-28 09:41:09,053 - root - INFO - SUCCESS    Start a new browser: firefox, Spend 9.274794340133667 seconds
2019-10-28 09:41:09,337 - root - INFO - SUCCESS    Set browser window maximized, Spend 0.2815864086151123 seconds
2019-10-28 09:41:09,970 - root - INFO - SUCCESS    Navigated to http:\\192.168.54.124, Spend 0.6327018737792969 seconds
2019-10-28 09:41:10,158 - root - INFO - SUCCESS    Clear and type element: <xpath -> //input[@name='username']> content: wuzs0001, Spend 0.18650031089782715 seconds
2019-10-28 09:41:10,208 - root - INFO - SUCCESS    Clear and type element: <xpath -> //input[@name='password']> content: 1qaz!QAZ, Spend 0.049866676330566406 seconds
2019-10-28 09:41:10,249 - root - INFO - SUCCESS    Clear and type element: <xpath -> //input[@name='captcha']> content: 1234, Spend 0.03989410400390625 seconds
2019-10-28 09:41:12,940 - root - INFO - SUCCESS    Clicked element: <xpath -> //button[contains(.,'登录')]>, Spend 0.6889853477478027 seconds
2019-10-28 09:41:15,069 - root - INFO - SUCCESS    Navigated to http:\\192.168.54.124/csdp/manage/#/manage-view/systemManage/sys_regionMgr, Spend 2.1273109912872314 seconds
2019-10-28 09:41:15,070 - root - INFO - 创建VMware服务节点
2019-10-28 09:41:15,336 - root - INFO - SUCCESS    Clicked element: <xpath->//a[contains(.,'河南')]/parent::li//child::i>, Spend 0.2652928829193115 seconds
2019-10-28 09:41:15,611 - root - INFO - SUCCESS    Clicked element: <xpath->//a[contains(text(),'auto_test001')]>, Spend 0.27426671981811523 seconds
2019-10-28 09:41:15,913 - root - INFO - SUCCESS    Clicked element: <xpath -> //button[2]/i>, Spend 0.2991631031036377 seconds
2019-10-28 09:41:18,089 - root - INFO - SUCCESS    Clear and type element: <name->serviceName> content: vmware-api, Spend 0.1755237579345703 seconds
2019-10-28 09:41:18,349 - root - INFO - SUCCESS    Clicked element: <xpath->//div[2]/div/div/div/span/span[2]/span>, Spend 0.25734567642211914 seconds
2019-10-28 09:41:18,939 - root - INFO - SUCCESS    Element <xpath->//div/div[2]/div/div/input> type content: vmware,and sleep 0.5 seconds,input ENTER key, Spend 0.5874481201171875 seconds
2019-10-28 09:41:19,189 - root - INFO - SUCCESS    Clear and type element: <name->authenInfo> content: administrator@vsphere.local, Spend 0.2493305206298828 seconds
2019-10-28 09:41:19,269 - root - INFO - SUCCESS    Clear and type element: <xpath->(//input[@name='authenInfo'])[2]> content: P@ssw0rd, Spend 0.07978630065917969 seconds
2019-10-28 09:41:20,545 - root - INFO - SUCCESS    Clicked element: <css->#serAddAndEdit .btn-primary>, Spend 0.27428770065307617 seconds
2019-10-28 09:41:48,911 - root - INFO - SUCCESS    Start a new browser: firefox, Spend 9.821449279785156 seconds
2019-10-28 09:41:49,286 - root - INFO - SUCCESS    Set browser window maximized, Spend 0.3730034828186035 seconds
2019-10-28 09:41:49,937 - root - INFO - SUCCESS    Navigated to http:\\192.168.54.124, Spend 0.6502692699432373 seconds
2019-10-28 09:41:50,024 - root - INFO - SUCCESS    Clear and type element: <xpath -> //input[@name='username']> content: wuzs0001, Spend 0.0857703685760498 seconds
2019-10-28 09:41:50,074 - root - INFO - SUCCESS    Clear and type element: <xpath -> //input[@name='password']> content: 1qaz!QAZ, Spend 0.04886913299560547 seconds
2019-10-28 09:41:50,117 - root - INFO - SUCCESS    Clear and type element: <xpath -> //input[@name='captcha']> content: 1234, Spend 0.04188799858093262 seconds
2019-10-28 09:41:52,851 - root - INFO - SUCCESS    Clicked element: <xpath -> //button[contains(.,'登录')]>, Spend 0.7319245338439941 seconds
2019-10-28 09:41:54,454 - root - INFO - SUCCESS    Navigated to http:\\192.168.54.124/csdp/manage/#/manage-view/systemManage/sys_regionMgr, Spend 1.601715326309204 seconds
2019-10-28 09:41:54,456 - root - INFO - 添加endpint
2019-10-28 09:41:54,741 - root - INFO - SUCCESS    Clicked element: <xpath->//a[contains(.,'河南')]/parent::li//child::i>, Spend 0.28527331352233887 seconds
2019-10-28 09:41:55,006 - root - INFO - SUCCESS    Clicked element: <xpath->//a[contains(text(),'auto_test001')]>, Spend 0.2642977237701416 seconds
2019-10-28 09:41:55,252 - root - INFO - SUCCESS    Clicked element: <xpath->//a[contains(text(),'auto_test001')]/parent::li//child::i>, Spend 0.24436664581298828 seconds
2019-10-28 09:41:55,307 - root - INFO - FAIL    Unable to click element: <xpath->(//a[contains(text(),'vmware-api')])>, Spend 0.05285811424255371 seconds
2019-10-28 09:44:20,758 - root - INFO - SUCCESS    Start a new browser: firefox, Spend 9.404356241226196 seconds
2019-10-28 09:44:21,019 - root - INFO - SUCCESS    Set browser window maximized, Spend 0.2607455253601074 seconds
2019-10-28 09:44:21,649 - root - INFO - SUCCESS    Navigated to http:\\192.168.54.124, Spend 0.6294879913330078 seconds
2019-10-28 09:44:21,829 - root - INFO - SUCCESS    Clear and type element: <xpath -> //input[@name='username']> content: wuzs0001, Spend 0.1795191764831543 seconds
2019-10-28 09:44:21,878 - root - INFO - SUCCESS    Clear and type element: <xpath -> //input[@name='password']> content: 1qaz!QAZ, Spend 0.04787325859069824 seconds
2019-10-28 09:44:21,919 - root - INFO - SUCCESS    Clear and type element: <xpath -> //input[@name='captcha']> content: 1234, Spend 0.04089164733886719 seconds
2019-10-28 09:44:24,674 - root - INFO - SUCCESS    Clicked element: <xpath -> //button[contains(.,'登录')]>, Spend 0.7528243064880371 seconds
2019-10-28 09:44:26,360 - root - INFO - SUCCESS    Navigated to http:\\192.168.54.124/csdp/manage/#/manage-view/systemManage/sys_regionMgr, Spend 1.6854913234710693 seconds
2019-10-28 09:44:26,360 - root - INFO - 添加endpint
2019-10-28 09:44:26,628 - root - INFO - SUCCESS    Clicked element: <xpath->//a[contains(.,'河南')]/parent::li//child::i>, Spend 0.26529622077941895 seconds
2019-10-28 09:44:27,901 - root - INFO - SUCCESS    Clicked element: <xpath->//a[contains(text(),'auto_test001')]>, Spend 0.2723100185394287 seconds
2019-10-28 09:44:28,207 - root - INFO - SUCCESS    Clicked element: <xpath->//a[contains(text(),'auto_test001')]/parent::li//child::i>, Spend 0.3052361011505127 seconds
2019-10-28 09:44:29,270 - root - INFO - FAIL    Unable to click element: <xpath->(//a[contains(text(),'vmware-api')])>, Spend 0.05971813201904297 seconds
2019-10-28 09:45:16,776 - root - INFO - SUCCESS    Start a new browser: firefox, Spend 9.297988414764404 seconds
2019-10-28 09:45:17,052 - root - INFO - SUCCESS    Set browser window maximized, Spend 0.27419090270996094 seconds
2019-10-28 09:45:17,693 - root - INFO - SUCCESS    Navigated to http:\\192.168.54.124, Spend 0.6398358345031738 seconds
2019-10-28 09:45:17,859 - root - INFO - SUCCESS    Clear and type element: <xpath -> //input[@name='username']> content: wuzs0001, Spend 0.16455912590026855 seconds
2019-10-28 09:45:17,902 - root - INFO - SUCCESS    Clear and type element: <xpath -> //input[@name='password']> content: 1qaz!QAZ, Spend 0.04188799858093262 seconds
2019-10-28 09:45:17,946 - root - INFO - SUCCESS    Clear and type element: <xpath -> //input[@name='captcha']> content: 1234, Spend 0.04288339614868164 seconds
2019-10-28 09:45:20,709 - root - INFO - SUCCESS    Clicked element: <xpath -> //button[contains(.,'登录')]>, Spend 0.7619521617889404 seconds
2019-10-28 09:45:22,745 - root - INFO - SUCCESS    Navigated to http:\\192.168.54.124/csdp/manage/#/manage-view/systemManage/sys_regionMgr, Spend 2.0355985164642334 seconds
2019-10-28 09:45:22,746 - root - INFO - 添加endpint
2019-10-28 09:45:23,044 - root - INFO - SUCCESS    Clicked element: <xpath->//a[contains(.,'河南')]/parent::li//child::i>, Spend 0.2962064743041992 seconds
2019-10-28 09:45:24,355 - root - INFO - SUCCESS    Clicked element: <xpath->//a[contains(text(),'auto_test001')]>, Spend 0.31116628646850586 seconds
2019-10-28 09:45:24,594 - root - INFO - SUCCESS    Clicked element: <xpath->//a[contains(text(),'auto_test001')]/parent::li//child::i>, Spend 0.23836207389831543 seconds
2019-10-28 09:45:25,619 - root - INFO - FAIL    Unable to click element: <xpath->(//a[contains(text(),'vmware-api')])>, Spend 0.021788358688354492 seconds
2019-10-28 09:46:09,668 - root - INFO - SUCCESS    Start a new browser: firefox, Spend 9.329735279083252 seconds
2019-10-28 09:46:09,934 - root - INFO - SUCCESS    Set browser window maximized, Spend 0.26465463638305664 seconds
2019-10-28 09:46:10,632 - root - INFO - SUCCESS    Navigated to http:\\192.168.54.124, Spend 0.6970853805541992 seconds
2019-10-28 09:46:10,713 - root - INFO - SUCCESS    Clear and type element: <xpath -> //input[@name='username']> content: wuzs0001, Spend 0.08078384399414062 seconds
2019-10-28 09:46:10,759 - root - INFO - SUCCESS    Clear and type element: <xpath -> //input[@name='password']> content: 1qaz!QAZ, Spend 0.045877695083618164 seconds
2019-10-28 09:46:10,803 - root - INFO - SUCCESS    Clear and type element: <xpath -> //input[@name='captcha']> content: 1234, Spend 0.04288649559020996 seconds
2019-10-28 09:46:13,539 - root - INFO - SUCCESS    Clicked element: <xpath -> //button[contains(.,'登录')]>, Spend 0.7329094409942627 seconds
2019-10-28 09:46:15,342 - root - INFO - SUCCESS    Navigated to http:\\192.168.54.124/csdp/manage/#/manage-view/systemManage/sys_regionMgr, Spend 1.800694465637207 seconds
2019-10-28 09:46:15,343 - root - INFO - 添加endpint
2019-10-28 09:46:15,641 - root - INFO - SUCCESS    Clicked element: <xpath->//a[contains(.,'河南')]/parent::li//child::i>, Spend 0.2972443103790283 seconds
2019-10-28 09:46:16,994 - root - INFO - SUCCESS    Clicked element: <xpath->//a[contains(text(),'auto_test001')]>, Spend 0.34890198707580566 seconds
2019-10-28 09:46:17,296 - root - INFO - SUCCESS    Clicked element: <xpath->//a[contains(text(),'auto_test001')]/parent::li//child::i>, Spend 0.30023956298828125 seconds
2019-10-28 09:46:18,345 - root - INFO - FAIL    Unable to click element: <xpath->(//a[contains(text(),'vmware-api')])>, Spend 0.04678797721862793 seconds
2019-10-28 09:51:42,135 - root - INFO - SUCCESS    Start a new browser: firefox, Spend 9.332934379577637 seconds
2019-10-28 09:51:42,402 - root - INFO - SUCCESS    Set browser window maximized, Spend 0.2652902603149414 seconds
2019-10-28 09:51:43,024 - root - INFO - SUCCESS    Navigated to http:\\192.168.54.124, Spend 0.6201133728027344 seconds
2019-10-28 09:51:43,100 - root - INFO - SUCCESS    Clear and type element: <xpath -> //input[@name='username']> content: wuzs0001, Spend 0.07480001449584961 seconds
2019-10-28 09:51:43,156 - root - INFO - SUCCESS    Clear and type element: <xpath -> //input[@name='password']> content: 1qaz!QAZ, Spend 0.05485391616821289 seconds
2019-10-28 09:51:43,195 - root - INFO - SUCCESS    Clear and type element: <xpath -> //input[@name='captcha']> content: 1234, Spend 0.03789663314819336 seconds
2019-10-28 09:51:45,912 - root - INFO - SUCCESS    Clicked element: <xpath -> //button[contains(.,'登录')]>, Spend 0.7159528732299805 seconds
2019-10-28 09:51:47,906 - root - INFO - SUCCESS    Navigated to http:\\192.168.54.124/csdp/manage/#/manage-view/systemManage/sys_regionMgr, Spend 1.992668628692627 seconds
2019-10-28 09:51:47,907 - root - INFO - 添加endpint
2019-10-28 09:51:48,162 - root - INFO - SUCCESS    Clicked element: <xpath->//a[contains(.,'河南')]/parent::li//child::i>, Spend 0.2543182373046875 seconds
2019-10-28 09:51:49,478 - root - INFO - SUCCESS    Clicked element: <xpath->//a[contains(text(),'auto_test001')]>, Spend 0.31521010398864746 seconds
2019-10-28 09:51:49,756 - root - INFO - SUCCESS    Clicked element: <xpath->//a[contains(text(),'auto_test001')]/parent::li//child::i>, Spend 0.2762129306793213 seconds
2019-10-28 09:51:51,091 - root - INFO - SUCCESS    Clicked element: <xpath->(//a[contains(text(),'vmware_api_001')])>, Spend 0.3320803642272949 seconds
2019-10-28 09:51:52,400 - root - INFO - SUCCESS    Clicked element: <xpath->//i[contains(.,'添加')]>, Spend 0.3070080280303955 seconds
2019-10-28 09:51:52,575 - root - INFO - SUCCESS    Clear and type element: <xpath->(//input[@type='text'])[13]> content: http://192.168.54.136, Spend 0.1745302677154541 seconds
2019-10-28 09:51:52,829 - root - INFO - SUCCESS    Clicked element: <xpath->//td[4]/button>, Spend 0.2533233165740967 seconds
2019-10-28 10:31:37,689 - root - INFO - SUCCESS    Start a new browser: firefox, Spend 9.815433263778687 seconds
2019-10-28 10:31:37,968 - root - INFO - SUCCESS    Set browser window maximized, Spend 0.2782552242279053 seconds
2019-10-28 10:31:38,690 - root - INFO - SUCCESS    Navigated to http:\\192.168.54.124, Spend 0.7200343608856201 seconds
2019-10-28 10:31:38,823 - root - INFO - SUCCESS    Clear and type element: <xpath -> //input[@name='username']> content: wuzs0001, Spend 0.1326439380645752 seconds
2019-10-28 10:31:38,907 - root - INFO - SUCCESS    Clear and type element: <xpath -> //input[@name='password']> content: 1qaz!QAZ, Spend 0.08178162574768066 seconds
2019-10-28 10:31:38,957 - root - INFO - SUCCESS    Clear and type element: <xpath -> //input[@name='captcha']> content: 1234, Spend 0.04850625991821289 seconds
2019-10-28 10:31:41,711 - root - INFO - SUCCESS    Clicked element: <xpath -> //button[contains(.,'登录')]>, Spend 0.7529852390289307 seconds
2019-10-28 10:31:43,805 - root - INFO - SUCCESS    Navigated to http:\\192.168.54.124/csdp/manage/#/manage-view/systemManage/sys_regionMgr, Spend 2.0929064750671387 seconds
2019-10-28 10:31:43,807 - root - INFO - 添加endpint
2019-10-28 10:31:44,105 - root - INFO - SUCCESS    Clicked element: <xpath->//a[contains(.,'河南')]/parent::li//child::i>, Spend 0.2972414493560791 seconds
2019-10-28 10:31:45,482 - root - INFO - SUCCESS    Clicked element: <xpath->//a[contains(text(),'auto_test001')]>, Spend 0.28618311882019043 seconds
2019-10-28 10:31:45,715 - root - INFO - SUCCESS    Clicked element: <xpath->//a[contains(text(),'auto_test001')]/parent::li//child::i>, Spend 0.23335957527160645 seconds
2019-10-28 10:31:46,996 - root - INFO - SUCCESS    Clicked element: <xpath->(//a[contains(text(),'vmware_api_001')])>, Spend 0.27803492546081543 seconds
2019-10-28 10:31:47,996 - root - INFO - FAIL    Unable to get element text element: <//div[@class='row']/table[@id='accessPoint']/tbady>, Spend 0.0 seconds
2019-10-28 10:32:09,278 - root - INFO - SUCCESS    Start a new browser: firefox, Spend 10.384666919708252 seconds
2019-10-28 10:32:09,551 - root - INFO - SUCCESS    Set browser window maximized, Spend 0.2723219394683838 seconds
2019-10-28 10:32:10,274 - root - INFO - SUCCESS    Navigated to http:\\192.168.54.124, Spend 0.7217147350311279 seconds
2019-10-28 10:32:10,492 - root - INFO - SUCCESS    Clear and type element: <xpath -> //input[@name='username']> content: wuzs0001, Spend 0.21641969680786133 seconds
2019-10-28 10:32:10,551 - root - INFO - SUCCESS    Clear and type element: <xpath -> //input[@name='password']> content: 1qaz!QAZ, Spend 0.05893540382385254 seconds
2019-10-28 10:32:10,597 - root - INFO - SUCCESS    Clear and type element: <xpath -> //input[@name='captcha']> content: 1234, Spend 0.04488039016723633 seconds
2019-10-28 10:32:13,369 - root - INFO - SUCCESS    Clicked element: <xpath -> //button[contains(.,'登录')]>, Spend 0.7698945999145508 seconds
2019-10-28 10:32:15,332 - root - INFO - SUCCESS    Navigated to http:\\192.168.54.124/csdp/manage/#/manage-view/systemManage/sys_regionMgr, Spend 1.96229887008667 seconds
2019-10-28 10:32:15,333 - root - INFO - 添加endpint
2019-10-28 10:32:15,626 - root - INFO - SUCCESS    Clicked element: <xpath->//a[contains(.,'河南')]/parent::li//child::i>, Spend 0.29324889183044434 seconds
2019-10-28 10:32:16,923 - root - INFO - SUCCESS    Clicked element: <xpath->//a[contains(text(),'auto_test001')]>, Spend 0.29515933990478516 seconds
2019-10-28 10:32:17,182 - root - INFO - SUCCESS    Clicked element: <xpath->//a[contains(text(),'auto_test001')]/parent::li//child::i>, Spend 0.25736451148986816 seconds
2019-10-28 10:32:18,455 - root - INFO - SUCCESS    Clicked element: <xpath->(//a[contains(text(),'vmware_api_001')])>, Spend 0.2712256908416748 seconds
2019-10-28 10:32:19,455 - root - INFO - FAIL    Unable to get element text element: <xpth->//div[@class='row']/table[@id='accessPoint']/tbady>, Spend 0.0 seconds
2019-10-28 10:33:51,904 - root - INFO - SUCCESS    Start a new browser: firefox, Spend 9.833676815032959 seconds
2019-10-28 10:33:52,183 - root - INFO - SUCCESS    Set browser window maximized, Spend 0.2782588005065918 seconds
2019-10-28 10:33:52,968 - root - INFO - SUCCESS    Navigated to http:\\192.168.54.124, Spend 0.7838807106018066 seconds
2019-10-28 10:33:53,081 - root - INFO - SUCCESS    Clear and type element: <xpath -> //input[@name='username']> content: wuzs0001, Spend 0.11170244216918945 seconds
2019-10-28 10:33:53,141 - root - INFO - SUCCESS    Clear and type element: <xpath -> //input[@name='password']> content: 1qaz!QAZ, Spend 0.05884146690368652 seconds
2019-10-28 10:33:53,203 - root - INFO - SUCCESS    Clear and type element: <xpath -> //input[@name='captcha']> content: 1234, Spend 0.0608365535736084 seconds
2019-10-28 10:33:56,002 - root - INFO - SUCCESS    Clicked element: <xpath -> //button[contains(.,'登录')]>, Spend 0.7977337837219238 seconds
2019-10-28 10:33:58,078 - root - INFO - SUCCESS    Navigated to http:\\192.168.54.124/csdp/manage/#/manage-view/systemManage/sys_regionMgr, Spend 2.0751543045043945 seconds
2019-10-28 10:33:58,079 - root - INFO - 添加endpint
2019-10-28 10:33:58,373 - root - INFO - SUCCESS    Clicked element: <xpath->//a[contains(.,'河南')]/parent::li//child::i>, Spend 0.2927873134613037 seconds
2019-10-28 10:33:59,658 - root - INFO - SUCCESS    Clicked element: <xpath->//a[contains(text(),'auto_test001')]>, Spend 0.28302812576293945 seconds
2019-10-28 10:33:59,892 - root - INFO - SUCCESS    Clicked element: <xpath->//a[contains(text(),'auto_test001')]/parent::li//child::i>, Spend 0.23337554931640625 seconds
2019-10-28 10:34:01,194 - root - INFO - SUCCESS    Clicked element: <xpath->(//a[contains(text(),'vmware_api_001')])>, Spend 0.2991945743560791 seconds
2019-10-28 10:34:02,195 - root - INFO - FAIL    Unable to get element text element: <xpth->//div[@class='row'][6]/table[@id='accessPoint']/tbady>, Spend 0.0 seconds
2019-10-28 10:34:21,611 - root - INFO - SUCCESS    Start a new browser: firefox, Spend 9.865647077560425 seconds
2019-10-28 10:34:21,898 - root - INFO - SUCCESS    Set browser window maximized, Spend 0.28580260276794434 seconds
2019-10-28 10:34:22,724 - root - INFO - SUCCESS    Navigated to http:\\192.168.54.124, Spend 0.8257901668548584 seconds
2019-10-28 10:34:22,824 - root - INFO - SUCCESS    Clear and type element: <xpath -> //input[@name='username']> content: wuzs0001, Spend 0.09873652458190918 seconds
2019-10-28 10:34:22,887 - root - INFO - SUCCESS    Clear and type element: <xpath -> //input[@name='password']> content: 1qaz!QAZ, Spend 0.06183600425720215 seconds
2019-10-28 10:34:22,936 - root - INFO - SUCCESS    Clear and type element: <xpath -> //input[@name='captcha']> content: 1234, Spend 0.047873735427856445 seconds
2019-10-28 10:34:25,706 - root - INFO - SUCCESS    Clicked element: <xpath -> //button[contains(.,'登录')]>, Spend 0.7689576148986816 seconds
2019-10-28 10:34:27,701 - root - INFO - SUCCESS    Navigated to http:\\192.168.54.124/csdp/manage/#/manage-view/systemManage/sys_regionMgr, Spend 1.9950077533721924 seconds
2019-10-28 10:34:27,703 - root - INFO - 添加endpint
2019-10-28 10:34:27,989 - root - INFO - SUCCESS    Clicked element: <xpath->//a[contains(.,'河南')]/parent::li//child::i>, Spend 0.2847566604614258 seconds
2019-10-28 10:34:29,255 - root - INFO - SUCCESS    Clicked element: <xpath->//a[contains(text(),'auto_test001')]>, Spend 0.26429271697998047 seconds
2019-10-28 10:34:29,491 - root - INFO - SUCCESS    Clicked element: <xpath->//a[contains(text(),'auto_test001')]/parent::li//child::i>, Spend 0.23541474342346191 seconds
2019-10-28 10:34:30,760 - root - INFO - SUCCESS    Clicked element: <xpath->(//a[contains(text(),'vmware_api_001')])>, Spend 0.26709699630737305 seconds
2019-10-28 10:34:36,820 - root - INFO - FAIL    Unable to get element text element: <xpath->//div[@class='row'][6]/table[@id='accessPoint']/tbady>, Spend 5.060077428817749 seconds
2019-10-28 10:54:24,216 - root - INFO - SUCCESS    Start a new browser: firefox, Spend 9.347960233688354 seconds
2019-10-28 10:54:24,516 - root - INFO - SUCCESS    Set browser window maximized, Spend 0.29773592948913574 seconds
2019-10-28 10:54:25,239 - root - INFO - SUCCESS    Navigated to http:\\192.168.54.124, Spend 0.7231056690216064 seconds
2019-10-28 10:54:25,306 - root - INFO - SUCCESS    Clear and type element: <xpath -> //input[@name='username']> content: wuzs0001, Spend 0.0658574104309082 seconds
2019-10-28 10:54:25,348 - root - INFO - SUCCESS    Clear and type element: <xpath -> //input[@name='password']> content: 1qaz!QAZ, Spend 0.040856361389160156 seconds
2019-10-28 10:54:25,379 - root - INFO - SUCCESS    Clear and type element: <xpath -> //input[@name='captcha']> content: 1234, Spend 0.028926372528076172 seconds
2019-10-28 10:54:28,143 - root - INFO - SUCCESS    Clicked element: <xpath -> //button[contains(.,'登录')]>, Spend 0.7629587650299072 seconds
2019-10-28 10:54:29,981 - root - INFO - SUCCESS    Navigated to http:\\192.168.54.124/csdp/manage/#/manage-view/systemManage/sys_regionMgr, Spend 1.8371984958648682 seconds
2019-10-28 10:54:29,982 - root - INFO - 添加endpint
2019-10-28 10:54:30,242 - root - INFO - SUCCESS    Clicked element: <xpath->//a[contains(.,'河南')]/parent::li//child::i>, Spend 0.2596316337585449 seconds
2019-10-28 10:54:31,510 - root - INFO - SUCCESS    Clicked element: <xpath->//a[contains(text(),'auto_test001')]>, Spend 0.2661895751953125 seconds
2019-10-28 10:54:31,742 - root - INFO - SUCCESS    Clicked element: <xpath->//a[contains(text(),'auto_test001')]/parent::li//child::i>, Spend 0.23143386840820312 seconds
2019-10-28 10:54:33,012 - root - INFO - SUCCESS    Clicked element: <xpath->(//a[contains(text(),'vmware_api_001')])>, Spend 0.26812005043029785 seconds
2019-10-28 10:54:39,066 - root - INFO - FAIL    Unable to get element text element: <xpath->//table[@id='accessPoint']/tbady>, Spend 5.050909519195557 seconds
2019-10-28 11:04:25,251 - root - INFO - SUCCESS    Start a new browser: firefox, Spend 9.33702802658081 seconds
2019-10-28 11:04:25,532 - root - INFO - SUCCESS    Set browser window maximized, Spend 0.2782578468322754 seconds
2019-10-28 11:04:26,254 - root - INFO - SUCCESS    Navigated to http:\\192.168.54.124, Spend 0.7202215194702148 seconds
2019-10-28 11:04:26,330 - root - INFO - SUCCESS    Clear and type element: <xpath -> //input[@name='username']> content: wuzs0001, Spend 0.0747990608215332 seconds
2019-10-28 11:04:26,381 - root - INFO - SUCCESS    Clear and type element: <xpath -> //input[@name='password']> content: 1qaz!QAZ, Spend 0.049866676330566406 seconds
2019-10-28 11:04:26,422 - root - INFO - SUCCESS    Clear and type element: <xpath -> //input[@name='captcha']> content: 1234, Spend 0.040891408920288086 seconds
2019-10-28 11:04:29,220 - root - INFO - SUCCESS    Clicked element: <xpath -> //button[contains(.,'登录')]>, Spend 0.7967193126678467 seconds
2019-10-28 11:04:30,964 - root - INFO - SUCCESS    Navigated to http:\\192.168.54.124/csdp/manage/#/manage-view/systemManage/sys_regionMgr, Spend 1.7423408031463623 seconds
2019-10-28 11:04:30,965 - root - INFO - 添加endpint
2019-10-28 11:04:31,248 - root - INFO - SUCCESS    Clicked element: <xpath->//a[contains(.,'河南')]/parent::li//child::i>, Spend 0.28025197982788086 seconds
2019-10-28 11:04:32,533 - root - INFO - SUCCESS    Clicked element: <xpath->//a[contains(text(),'auto_test001')]>, Spend 0.2842693328857422 seconds
2019-10-28 11:04:32,769 - root - INFO - SUCCESS    Clicked element: <xpath->//a[contains(text(),'auto_test001')]/parent::li//child::i>, Spend 0.23534679412841797 seconds
2019-10-28 11:04:34,114 - root - INFO - SUCCESS    Clicked element: <xpath->(//a[contains(text(),'vmware_api_001')])>, Spend 0.34207844734191895 seconds
2019-10-28 11:04:35,273 - root - INFO - SUCCESS    Get element text element: <xpath->//table[@id='accessPoint']/tbody>, Spend 0.1574113368988037 seconds
2019-10-28 11:04:36,924 - root - INFO - SUCCESS    Closed all window and quit the driver, Spend 1.6495885848999023 seconds
2019-10-28 11:05:35,332 - root - INFO - SUCCESS    Start a new browser: firefox, Spend 9.287797212600708 seconds
2019-10-28 11:05:35,628 - root - INFO - SUCCESS    Set browser window maximized, Spend 0.295224666595459 seconds
2019-10-28 11:05:36,392 - root - INFO - SUCCESS    Navigated to http:\\192.168.54.124, Spend 0.7626097202301025 seconds
2019-10-28 11:05:36,455 - root - INFO - SUCCESS    Clear and type element: <xpath -> //input[@name='username']> content: wuzs0001, Spend 0.06186866760253906 seconds
2019-10-28 11:05:36,499 - root - INFO - SUCCESS    Clear and type element: <xpath -> //input[@name='password']> content: 1qaz!QAZ, Spend 0.04388141632080078 seconds
2019-10-28 11:05:36,533 - root - INFO - SUCCESS    Clear and type element: <xpath -> //input[@name='captcha']> content: 1234, Spend 0.0329132080078125 seconds
2019-10-28 11:05:39,247 - root - INFO - SUCCESS    Clicked element: <xpath -> //button[contains(.,'登录')]>, Spend 0.712094783782959 seconds
2019-10-28 11:05:40,945 - root - INFO - SUCCESS    Navigated to http:\\192.168.54.124/csdp/manage/#/manage-view/systemManage/sys_regionMgr, Spend 1.6964664459228516 seconds
2019-10-28 11:05:40,946 - root - INFO - 添加endpint
2019-10-28 11:05:41,222 - root - INFO - SUCCESS    Clicked element: <xpath->//a[contains(.,'河南')]/parent::li//child::i>, Spend 0.27350401878356934 seconds
2019-10-28 11:05:42,477 - root - INFO - SUCCESS    Clicked element: <xpath->//a[contains(text(),'auto_test001')]>, Spend 0.254321813583374 seconds
2019-10-28 11:05:42,777 - root - INFO - SUCCESS    Clicked element: <xpath->//a[contains(text(),'auto_test001')]/parent::li//child::i>, Spend 0.29920434951782227 seconds
2019-10-28 11:05:44,120 - root - INFO - SUCCESS    Clicked element: <xpath->(//a[contains(text(),'vmware_api_001')])>, Spend 0.34000134468078613 seconds
2019-10-28 11:05:45,227 - root - INFO - SUCCESS    Get element text element: <xpath->//table[@id='accessPoint']/tbody/tr[2]>, Spend 0.10567307472229004 seconds
2019-10-28 11:05:46,528 - root - INFO - SUCCESS    Closed all window and quit the driver, Spend 1.3004889488220215 seconds
2019-10-28 21:17:27,089 - root - INFO - ############################### START ###############################
2019-10-28 21:17:30,573 - root - INFO - ############################### START ###############################
2019-10-28 21:17:40,925 - root - INFO - SUCCESS    Start a new browser: firefox, Spend 10.350313901901245 seconds
2019-10-28 21:17:41,216 - root - INFO - SUCCESS    Set browser window maximized, Spend 0.2897517681121826 seconds
2019-10-28 21:17:42,549 - root - INFO - SUCCESS    Navigated to http:\\192.168.54.124, Spend 0.9803807735443115 seconds
2019-10-28 21:17:42,666 - root - INFO - SUCCESS    Clear and type element: <xpath -> //input[@name='username']> content: wzs_0001, Spend 0.11468863487243652 seconds
2019-10-28 21:17:42,724 - root - INFO - SUCCESS    Clear and type element: <xpath -> //input[@name='password']> content: 1qaz!QAZ, Spend 0.05784440040588379 seconds
2019-10-28 21:17:42,778 - root - INFO - SUCCESS    Clear and type element: <xpath -> //input[@name='captcha']> content: 1234, Spend 0.05186176300048828 seconds
2019-10-28 21:17:45,618 - root - INFO - SUCCESS    Clicked element: <xpath -> //button[contains(.,'登录')]>, Spend 0.8376941680908203 seconds
2019-10-28 21:17:47,747 - root - INFO - SUCCESS    Navigated to http:\\192.168.54.124/csdp/manage/#/manage-view/adminManage/resVDCMgr, Spend 2.128272533416748 seconds
2019-10-28 21:17:48,140 - root - INFO - SUCCESS    Clicked element: <xpath->//div[3]/button>, Spend 0.3919551372528076 seconds
2019-10-28 21:17:49,316 - root - INFO - SUCCESS    Clear and type element: <id->vdcName> content: wuzsvdc_001, Spend 0.17353463172912598 seconds
2019-10-28 21:17:49,557 - root - INFO - SUCCESS    Clicked element: <css->.modal-footer:nth-child(3) > .btn-warning>, Spend 0.24135398864746094 seconds
2019-10-28 21:17:49,565 - root - INFO - SUCCESS    Navigated to http:\\192.168.54.124/csdp/manage/#/manage-view/adminManage/resVDCMgr, Spend 0.006982326507568359 seconds
2019-10-28 21:17:50,201 - root - INFO - SUCCESS    Element <css->.input-cont > .form-control> type content: wuzsvdc_001,and sleep 0.5 seconds,input ENTER key, Spend 0.6343545913696289 seconds
2019-10-28 21:17:50,202 - root - INFO - ###############################  End  ###############################
2019-10-28 21:21:23,278 - root - INFO - ############################### START ###############################
2019-10-28 21:21:33,904 - root - INFO - SUCCESS    Start a new browser: firefox, Spend 10.451043844223022 seconds
2019-10-28 21:21:34,202 - root - INFO - SUCCESS    Set browser window maximized, Spend 0.2967414855957031 seconds
2019-10-28 21:21:35,119 - root - INFO - SUCCESS    Navigated to http:\\192.168.54.124, Spend 0.8966052532196045 seconds
2019-10-28 21:21:35,244 - root - INFO - SUCCESS    Clear and type element: <xpath -> //input[@name='username']> content: wzs_0001, Spend 0.12466669082641602 seconds
2019-10-28 21:21:35,315 - root - INFO - SUCCESS    Clear and type element: <xpath -> //input[@name='password']> content: 1qaz!QAZ, Spend 0.06981277465820312 seconds
2019-10-28 21:21:35,371 - root - INFO - SUCCESS    Clear and type element: <xpath -> //input[@name='captcha']> content: 1234, Spend 0.05484724044799805 seconds
2019-10-28 21:21:38,233 - root - INFO - SUCCESS    Clicked element: <xpath -> //button[contains(.,'登录')]>, Spend 0.8586664199829102 seconds
2019-10-28 21:21:41,429 - root - INFO - SUCCESS    Navigated to http:\\192.168.54.124/csdp/manage/#/manage-view/adminManage/resVDCMgr, Spend 3.194164991378784 seconds
2019-10-28 21:21:42,285 - root - INFO - SUCCESS    Element <css->.input-cont > .form-control> type content: wuzsvdc_001,and sleep 0.5 seconds,input ENTER key, Spend 0.852733850479126 seconds
2019-10-28 21:21:42,573 - root - INFO - SUCCESS    Get element text element: <xpath->//div[@class='box-body']>, Spend 0.28722691535949707 seconds
2019-10-28 21:21:42,574 - root - INFO - ###############################  End  ###############################
2019-10-28 21:22:32,339 - root - INFO - ############################### START ###############################
2019-10-28 21:22:42,209 - root - INFO - SUCCESS    Start a new browser: firefox, Spend 9.867571830749512 seconds
2019-10-28 21:22:42,483 - root - INFO - SUCCESS    Set browser window maximized, Spend 0.2732815742492676 seconds
2019-10-28 21:22:43,281 - root - INFO - SUCCESS    Navigated to http:\\192.168.54.124, Spend 0.7769222259521484 seconds
2019-10-28 21:22:43,512 - root - INFO - SUCCESS    Clear and type element: <xpath -> //input[@name='username']> content: wzs_0001, Spend 0.22938203811645508 seconds
2019-10-28 21:22:43,574 - root - INFO - SUCCESS    Clear and type element: <xpath -> //input[@name='password']> content: 1qaz!QAZ, Spend 0.061833858489990234 seconds
2019-10-28 21:22:43,625 - root - INFO - SUCCESS    Clear and type element: <xpath -> //input[@name='captcha']> content: 1234, Spend 0.048865556716918945 seconds
2019-10-28 21:22:46,600 - root - INFO - SUCCESS    Clicked element: <xpath -> //button[contains(.,'登录')]>, Spend 0.9733967781066895 seconds
2019-10-28 21:22:49,364 - root - INFO - SUCCESS    Navigated to http:\\192.168.54.124/csdp/manage/#/manage-view/adminManage/resVDCMgr, Spend 2.7626121044158936 seconds
2019-10-28 21:22:50,183 - root - INFO - SUCCESS    Element <css->.input-cont > .form-control> type content: wuzsvdc_001,and sleep 0.5 seconds,input ENTER key, Spend 0.8168156147003174 seconds
2019-10-28 21:22:50,485 - root - INFO - SUCCESS    Get element text element: <xpath->//div[@class='box-body']/table-component>, Spend 0.30019450187683105 seconds
2019-10-28 21:22:50,486 - root - INFO - ###############################  End  ###############################
2019-10-28 21:25:53,212 - root - INFO - ############################### START ###############################
2019-10-28 21:26:03,051 - root - INFO - SUCCESS    Start a new browser: firefox, Spend 9.837684392929077 seconds
2019-10-28 21:26:03,365 - root - INFO - SUCCESS    Set browser window maximized, Spend 0.31089115142822266 seconds
2019-10-28 21:26:04,150 - root - INFO - SUCCESS    Navigated to http:\\192.168.54.124, Spend 0.7699463367462158 seconds
2019-10-28 21:26:04,274 - root - INFO - SUCCESS    Clear and type element: <xpath -> //input[@name='username']> content: wzs_0001, Spend 0.12166929244995117 seconds
2019-10-28 21:26:04,329 - root - INFO - SUCCESS    Clear and type element: <xpath -> //input[@name='password']> content: 1qaz!QAZ, Spend 0.053855180740356445 seconds
2019-10-28 21:26:04,383 - root - INFO - SUCCESS    Clear and type element: <xpath -> //input[@name='captcha']> content: 1234, Spend 0.053854942321777344 seconds
2019-10-28 21:26:07,227 - root - INFO - SUCCESS    Clicked element: <xpath -> //button[contains(.,'登录')]>, Spend 0.8417370319366455 seconds
2019-10-28 21:26:09,797 - root - INFO - SUCCESS    Navigated to http:\\192.168.54.124/csdp/manage/#/manage-view/adminManage/resVDCMgr, Spend 2.568129539489746 seconds
2019-10-28 21:26:10,578 - root - INFO - SUCCESS    Element <css->.input-cont > .form-control> type content: wuzsvdc_001,and sleep 0.5 seconds,input ENTER key, Spend 0.7799136638641357 seconds
2019-10-28 21:26:10,699 - root - INFO - SUCCESS    Get element text element: <xpath->//div[@class='box-body']/table-component/div/table/tbody>, Spend 0.11968016624450684 seconds
2019-10-28 21:26:10,699 - root - INFO - ###############################  End  ###############################
2019-10-28 21:50:28,388 - root - INFO - ############################### START ###############################
2019-10-28 21:50:38,236 - root - INFO - SUCCESS    Start a new browser: firefox, Spend 9.846661567687988 seconds
2019-10-28 21:50:38,515 - root - INFO - SUCCESS    Set browser window maximized, Spend 0.2773449420928955 seconds
2019-10-28 21:50:39,336 - root - INFO - SUCCESS    Navigated to http:\\192.168.54.124, Spend 0.801856517791748 seconds
2019-10-28 21:50:39,464 - root - INFO - SUCCESS    Clear and type element: <xpath -> //input[@name='username']> content: wzs_0001, Spend 0.12765765190124512 seconds
2019-10-28 21:50:39,518 - root - INFO - SUCCESS    Clear and type element: <xpath -> //input[@name='password']> content: 1qaz!QAZ, Spend 0.05285811424255371 seconds
2019-10-28 21:50:39,571 - root - INFO - SUCCESS    Clear and type element: <xpath -> //input[@name='captcha']> content: 1234, Spend 0.05086183547973633 seconds
2019-10-28 21:50:42,354 - root - INFO - SUCCESS    Clicked element: <xpath -> //button[contains(.,'登录')]>, Spend 0.7809083461761475 seconds
2019-10-28 21:50:42,355 - root - INFO - ###############################  End  ###############################
2019-10-28 21:53:25,649 - root - INFO - ############################### START ###############################
2019-10-28 21:53:36,006 - root - INFO - SUCCESS    Start a new browser: firefox, Spend 10.357448816299438 seconds
2019-10-28 21:53:36,297 - root - INFO - SUCCESS    Set browser window maximized, Spend 0.2897500991821289 seconds
2019-10-28 21:53:37,199 - root - INFO - SUCCESS    Navigated to http:\\192.168.54.124, Spend 0.869680643081665 seconds
2019-10-28 21:53:37,422 - root - INFO - SUCCESS    Clear and type element: <xpath -> //input[@name='username']> content: wzs_0001, Spend 0.22240257263183594 seconds
2019-10-28 21:53:37,485 - root - INFO - SUCCESS    Clear and type element: <xpath -> //input[@name='password']> content: 1qaz!QAZ, Spend 0.06183338165283203 seconds
2019-10-28 21:53:37,543 - root - INFO - SUCCESS    Clear and type element: <xpath -> //input[@name='captcha']> content: 1234, Spend 0.056847572326660156 seconds
2019-10-28 21:53:40,411 - root - INFO - SUCCESS    Clicked element: <xpath -> //button[contains(.,'登录')]>, Spend 0.8656289577484131 seconds
2019-10-28 21:53:42,595 - root - INFO - SUCCESS    Navigated to http:\\192.168.54.124/csdp/manage/#/manage-view/adminManage/resVDCMgr, Spend 2.183161735534668 seconds
2019-10-28 21:53:43,381 - root - INFO - SUCCESS    Element <css->.input-cont > .form-control> type content: wuzsvdc_001,and sleep 0.5 seconds,input ENTER key, Spend 0.7859282493591309 seconds
2019-10-28 21:53:43,611 - root - INFO - SUCCESS    Clicked element: <css->.btn-link:nth-child(1)>, Spend 0.22835707664489746 seconds
2019-10-28 21:53:44,943 - root - INFO - SUCCESS    Clicked element: <css->.mr-5>, Spend 0.3311502933502197 seconds
2019-10-28 21:53:46,121 - root - INFO - SUCCESS    Clear and type element: <id->vPoolName> content: wzsvpool_001, Spend 0.17748188972473145 seconds
2019-10-28 21:53:46,389 - root - INFO - SUCCESS    Clicked element: <xpath->//*[@id='AddandEdit_form']/div/div[2]/div/div/div[1]/span/span[2]/span>, Spend 0.26828670501708984 seconds
2019-10-28 21:53:47,018 - root - INFO - SUCCESS    Element <css->.open > .form-control> type content: 虚拟资源,and sleep 0.5 seconds,input ENTER key, Spend 0.6263294219970703 seconds
2019-10-28 21:53:47,339 - root - INFO - SUCCESS    Clicked element: <xpath->//*[@id='AddandEdit_form']/div/div[5]/div/div/div[1]/span/span[2]/span>, Spend 0.318148136138916 seconds
2019-10-28 21:53:47,959 - root - INFO - SUCCESS    Element <css->.open > .form-control> type content: 数据中心,and sleep 0.5 seconds,input ENTER key, Spend 0.6183743476867676 seconds
2019-10-28 21:53:48,150 - root - INFO - FAIL    Unable to click element: <xpath->//*[@id='AddandEdit_form']/div/div[6]/div/div/div[1]/span/span[2]/span>, Spend 0.1914534568786621 seconds
2019-10-28 21:53:48,151 - root - INFO - ###############################  End  ###############################
2019-10-28 22:00:00,889 - root - INFO - ############################### START ###############################
2019-10-28 22:00:10,743 - root - INFO - SUCCESS    Start a new browser: firefox, Spend 9.852643966674805 seconds
2019-10-28 22:00:11,032 - root - INFO - SUCCESS    Set browser window maximized, Spend 0.2872314453125 seconds
2019-10-28 22:00:11,840 - root - INFO - SUCCESS    Navigated to http:\\192.168.54.124, Spend 0.7920665740966797 seconds
2019-10-28 22:00:11,954 - root - INFO - SUCCESS    Clear and type element: <xpath -> //input[@name='username']> content: wzs_0001, Spend 0.11369466781616211 seconds
2019-10-28 22:00:12,025 - root - INFO - SUCCESS    Clear and type element: <xpath -> //input[@name='password']> content: 1qaz!QAZ, Spend 0.06781673431396484 seconds
2019-10-28 22:00:12,077 - root - INFO - SUCCESS    Clear and type element: <xpath -> //input[@name='captcha']> content: 1234, Spend 0.05186271667480469 seconds
2019-10-28 22:00:14,878 - root - INFO - SUCCESS    Clicked element: <xpath -> //button[contains(.,'登录')]>, Spend 0.7988615036010742 seconds
2019-10-28 22:00:17,102 - root - INFO - SUCCESS    Navigated to http:\\192.168.54.124/csdp/manage/#/manage-view/adminManage/resVDCMgr, Spend 2.2220571041107178 seconds
2019-10-28 22:00:17,900 - root - INFO - SUCCESS    Element <css->.input-cont > .form-control> type content: wuzsvdc_001,and sleep 0.5 seconds,input ENTER key, Spend 0.7978646755218506 seconds
2019-10-28 22:00:18,132 - root - INFO - SUCCESS    Clicked element: <css->.btn-link:nth-child(1)>, Spend 0.23034143447875977 seconds
2019-10-28 22:00:19,524 - root - INFO - SUCCESS    Clicked element: <css->.mr-5>, Spend 0.39095401763916016 seconds
2019-10-28 22:00:20,684 - root - INFO - SUCCESS    Clear and type element: <id->vPoolName> content: wzsvpool_001, Spend 0.15852642059326172 seconds
2019-10-28 22:00:20,936 - root - INFO - SUCCESS    Clicked element: <xpath->//*[@id='AddandEdit_form']/div/div[2]/div/div/div[1]/span/span[2]/span>, Spend 0.25136327743530273 seconds
2019-10-28 22:00:21,535 - root - INFO - SUCCESS    Element <css->.open > .form-control> type content: 虚拟资源,and sleep 0.5 seconds,input ENTER key, Spend 0.5974001884460449 seconds
2019-10-28 22:00:21,851 - root - INFO - SUCCESS    Clicked element: <xpath->//*[@id='AddandEdit_form']/div/div[5]/div/div/div[1]/span/span[2]/span>, Spend 0.3141627311706543 seconds
2019-10-28 22:00:22,428 - root - INFO - SUCCESS    Element <css->.open > .form-control> type content: 数据中心,and sleep 0.5 seconds,input ENTER key, Spend 0.5764522552490234 seconds
2019-10-28 22:00:22,584 - root - INFO - SUCCESS    Clear and type element: <id->vPoolDesc> content: ui自动化测试, Spend 0.1545860767364502 seconds
2019-10-28 22:00:22,829 - root - INFO - SUCCESS    Clicked element: <xpath->//*[@id='AddandEdit']/div[3]/button[1]>, Spend 0.24435019493103027 seconds
2019-10-28 22:00:22,831 - root - INFO - ###############################  End  ###############################
2019-10-28 22:01:54,933 - root - INFO - ############################### START ###############################
2019-10-28 22:02:04,778 - root - INFO - SUCCESS    Start a new browser: firefox, Spend 9.842674016952515 seconds
2019-10-28 22:02:05,100 - root - INFO - SUCCESS    Set browser window maximized, Spend 0.3206758499145508 seconds
2019-10-28 22:02:05,854 - root - INFO - SUCCESS    Navigated to http:\\192.168.54.124, Spend 0.7370302677154541 seconds
2019-10-28 22:02:05,949 - root - INFO - SUCCESS    Clear and type element: <xpath -> //input[@name='username']> content: wzs_0001, Spend 0.09275031089782715 seconds
2019-10-28 22:02:06,007 - root - INFO - SUCCESS    Clear and type element: <xpath -> //input[@name='password']> content: 1qaz!QAZ, Spend 0.05784440040588379 seconds
2019-10-28 22:02:06,069 - root - INFO - SUCCESS    Clear and type element: <xpath -> //input[@name='captcha']> content: 1234, Spend 0.060837507247924805 seconds
2019-10-28 22:02:09,022 - root - INFO - SUCCESS    Clicked element: <xpath -> //button[contains(.,'登录')]>, Spend 0.9524509906768799 seconds
2019-10-28 22:02:11,696 - root - INFO - SUCCESS    Navigated to http:\\192.168.54.124/csdp/manage/#/manage-view/adminManage/resVDCMgr, Spend 2.6718530654907227 seconds
2019-10-28 22:02:12,521 - root - INFO - SUCCESS    Element <css->.input-cont > .form-control> type content: wuzsvdc_001,and sleep 0.5 seconds,input ENTER key, Spend 0.822798490524292 seconds
2019-10-28 22:02:12,807 - root - INFO - SUCCESS    Clicked element: <css->.btn-link:nth-child(1)>, Spend 0.2862696647644043 seconds
2019-10-28 22:02:12,972 - root - INFO - SUCCESS    Clear and type element: <xpath->(//input[@type='text'])[12]> content: wzsvpool_001, Spend 0.16256332397460938 seconds
2019-10-28 22:02:14,008 - root - INFO - SUCCESS    Get element text element: <xpath->//td[2]/div/span>, Spend 1.0362281799316406 seconds
2019-10-28 22:02:14,009 - root - INFO - ###############################  End  ###############################
2019-10-28 22:02:39,735 - root - INFO - ############################### START ###############################
2019-10-28 22:02:50,662 - root - INFO - SUCCESS    Start a new browser: firefox, Spend 10.924770832061768 seconds
2019-10-28 22:02:50,947 - root - INFO - SUCCESS    Set browser window maximized, Spend 0.28423523902893066 seconds
2019-10-28 22:02:51,786 - root - INFO - SUCCESS    Navigated to http:\\192.168.54.124, Spend 0.8237972259521484 seconds
2019-10-28 22:02:51,909 - root - INFO - SUCCESS    Clear and type element: <xpath -> //input[@name='username']> content: wzs_0001, Spend 0.12267231941223145 seconds
2019-10-28 22:02:51,970 - root - INFO - SUCCESS    Clear and type element: <xpath -> //input[@name='password']> content: 1qaz!QAZ, Spend 0.05984187126159668 seconds
2019-10-28 22:02:52,025 - root - INFO - SUCCESS    Clear and type element: <xpath -> //input[@name='captcha']> content: 1234, Spend 0.05285906791687012 seconds
2019-10-28 22:02:54,957 - root - INFO - SUCCESS    Clicked element: <xpath -> //button[contains(.,'登录')]>, Spend 0.9305107593536377 seconds
2019-10-28 22:02:57,376 - root - INFO - SUCCESS    Navigated to http:\\192.168.54.124/csdp/manage/#/manage-view/adminManage/resVDCMgr, Spend 2.416534423828125 seconds
2019-10-28 22:02:58,206 - root - INFO - SUCCESS    Element <css->.input-cont > .form-control> type content: wuzsvdc_001,and sleep 0.5 seconds,input ENTER key, Spend 0.8277900218963623 seconds
2019-10-28 22:02:58,460 - root - INFO - SUCCESS    Clicked element: <css->.btn-link:nth-child(1)>, Spend 0.25235533714294434 seconds
2019-10-28 22:02:58,598 - root - INFO - SUCCESS    Clear and type element: <xpath->(//input[@type='text'])[12]> content: wzsvpool_001, Spend 0.1376326084136963 seconds
2019-10-28 22:02:59,683 - root - INFO - SUCCESS    Get element text element: <xpath->//td[2]>, Spend 1.0831422805786133 seconds
2019-10-28 22:02:59,684 - root - INFO - ###############################  End  ###############################
2019-10-28 22:03:22,201 - root - INFO - ############################### START ###############################
2019-10-28 22:03:32,616 - root - INFO - SUCCESS    Start a new browser: firefox, Spend 10.412657499313354 seconds
2019-10-28 22:03:32,930 - root - INFO - SUCCESS    Set browser window maximized, Spend 0.312589168548584 seconds
2019-10-28 22:03:33,858 - root - INFO - SUCCESS    Navigated to http:\\192.168.54.124, Spend 0.9025912284851074 seconds
2019-10-28 22:03:33,970 - root - INFO - SUCCESS    Clear and type element: <xpath -> //input[@name='username']> content: wzs_0001, Spend 0.1107032299041748 seconds
2019-10-28 22:03:34,036 - root - INFO - SUCCESS    Clear and type element: <xpath -> //input[@name='password']> content: 1qaz!QAZ, Spend 0.06582379341125488 seconds
2019-10-28 22:03:34,132 - root - INFO - SUCCESS    Clear and type element: <xpath -> //input[@name='captcha']> content: 1234, Spend 0.09474658966064453 seconds
2019-10-28 22:03:36,980 - root - INFO - SUCCESS    Clicked element: <xpath -> //button[contains(.,'登录')]>, Spend 0.8437414169311523 seconds
2019-10-28 22:03:39,427 - root - INFO - SUCCESS    Navigated to http:\\192.168.54.124/csdp/manage/#/manage-view/adminManage/resVDCMgr, Spend 2.445460081100464 seconds
2019-10-28 22:03:40,243 - root - INFO - SUCCESS    Element <css->.input-cont > .form-control> type content: wuzsvdc_001,and sleep 0.5 seconds,input ENTER key, Spend 0.8147857189178467 seconds
2019-10-28 22:03:40,474 - root - INFO - SUCCESS    Clicked element: <css->.btn-link:nth-child(1)>, Spend 0.2314164638519287 seconds
2019-10-28 22:03:40,633 - root - INFO - SUCCESS    Clear and type element: <xpath->(//input[@type='text'])[12]> content: wzsvpool_001, Spend 0.1585404872894287 seconds
2019-10-28 22:03:41,694 - root - INFO - SUCCESS    Get element text element: <xpath->//td>, Spend 1.0611610412597656 seconds
2019-10-28 22:03:41,695 - root - INFO - ###############################  End  ###############################
2019-10-28 22:04:12,446 - root - INFO - ############################### START ###############################
2019-10-28 22:04:22,817 - root - INFO - SUCCESS    Start a new browser: firefox, Spend 10.371255874633789 seconds
2019-10-28 22:04:23,180 - root - INFO - SUCCESS    Set browser window maximized, Spend 0.36155009269714355 seconds
2019-10-28 22:04:24,124 - root - INFO - SUCCESS    Navigated to http:\\192.168.54.124, Spend 0.9235286712646484 seconds
2019-10-28 22:04:24,264 - root - INFO - SUCCESS    Clear and type element: <xpath -> //input[@name='username']> content: wzs_0001, Spend 0.13962626457214355 seconds
2019-10-28 22:04:24,323 - root - INFO - SUCCESS    Clear and type element: <xpath -> //input[@name='password']> content: 1qaz!QAZ, Spend 0.056849002838134766 seconds
2019-10-28 22:04:24,375 - root - INFO - SUCCESS    Clear and type element: <xpath -> //input[@name='captcha']> content: 1234, Spend 0.051860809326171875 seconds
2019-10-28 22:04:27,205 - root - INFO - SUCCESS    Clicked element: <xpath -> //button[contains(.,'登录')]>, Spend 0.8276209831237793 seconds
2019-10-28 22:04:29,499 - root - INFO - SUCCESS    Navigated to http:\\192.168.54.124/csdp/manage/#/manage-view/adminManage/resVDCMgr, Spend 2.2938644886016846 seconds
2019-10-28 22:04:30,294 - root - INFO - SUCCESS    Element <css->.input-cont > .form-control> type content: wuzsvdc_001,and sleep 0.5 seconds,input ENTER key, Spend 0.7928779125213623 seconds
2019-10-28 22:04:30,574 - root - INFO - SUCCESS    Clicked element: <css->.btn-link:nth-child(1)>, Spend 0.2782561779022217 seconds
2019-10-28 22:04:30,720 - root - INFO - SUCCESS    Clear and type element: <xpath->(//input[@type='text'])[12]> content: wzsvpool_001, Spend 0.14561009407043457 seconds
2019-10-28 22:04:31,757 - root - INFO - SUCCESS    Get element text element: <xpath->//td>, Spend 1.0372505187988281 seconds
2019-10-28 22:04:31,758 - root - INFO - ###############################  End  ###############################
