2019-10-23 14:08:10,664 - root - INFO - 发送邮件成功
2019-10-23 14:18:34,157 - root - INFO - ############################### START ###############################
2019-10-23 14:18:45,869 - root - INFO - SUCCESS    Start a new browser: firefox, Spend 11.711702346801758 seconds
2019-10-23 14:18:46,185 - root - INFO - SUCCESS    Set browser window maximized, Spend 0.315108060836792 seconds
2019-10-23 14:18:47,904 - root - INFO - SUCCESS    Navigated to http://www.baidu.com, Spend 1.7197353839874268 seconds
2019-10-23 14:18:48,100 - root - INFO - SUCCESS    Clear and type element: <id->kw> content: 小石头tester, Spend 0.19345688819885254 seconds
2019-10-23 14:18:48,342 - root - INFO - SUCCESS    Clicked element: <id->su>, Spend 0.24138379096984863 seconds
2019-10-23 14:18:50,351 - root - INFO - SUCCESS    Get current window title, Spend 0.005972623825073242 seconds
2019-10-23 14:18:53,013 - root - INFO - SUCCESS    Closed all window and quit the driver, Spend 2.660834550857544 seconds
2019-10-23 14:18:53,014 - root - INFO - ###############################  End  ###############################
2019-10-23 14:18:53,015 - root - INFO - ############################### START ###############################
2019-10-23 14:19:02,871 - root - INFO - SUCCESS    Start a new browser: firefox, Spend 9.855625629425049 seconds
2019-10-23 14:19:03,153 - root - INFO - SUCCESS    Set browser window maximized, Spend 0.28025197982788086 seconds
2019-10-23 14:19:05,673 - root - INFO - SUCCESS    Navigated to http://www.baidu.com, Spend 2.2186830043792725 seconds
2019-10-23 14:19:05,772 - root - INFO - SUCCESS    Clear and type element: <id->kw> content: webdriver, Spend 0.09771108627319336 seconds
2019-10-23 14:19:06,013 - root - INFO - SUCCESS    Clicked element: <id->su>, Spend 0.2403578758239746 seconds
2019-10-23 14:19:08,016 - root - INFO - SUCCESS    Get current window title, Spend 0.002981901168823242 seconds
2019-10-23 14:19:08,302 - root - INFO - SUCCESS    Navigated to http://www.baidu.com, Spend 0.2842414379119873 seconds
2019-10-23 14:19:08,418 - root - INFO - SUCCESS    Clear and type element: <id->kw> content: selenium, Spend 0.1156916618347168 seconds
2019-10-23 14:19:08,652 - root - INFO - SUCCESS    Clicked element: <id->su>, Spend 0.23242831230163574 seconds
2019-10-23 14:19:10,663 - root - INFO - SUCCESS    Get current window title, Spend 0.006849765777587891 seconds
2019-10-23 14:19:11,050 - root - INFO - SUCCESS    Navigated to http://www.baidu.com, Spend 0.3849520683288574 seconds
2019-10-23 14:19:11,123 - root - INFO - SUCCESS    Clear and type element: <id->kw> content: github, Spend 0.0718083381652832 seconds
2019-10-23 14:19:11,361 - root - INFO - SUCCESS    Clicked element: <id->su>, Spend 0.2354118824005127 seconds
2019-10-23 14:19:13,368 - root - INFO - SUCCESS    Get current window title, Spend 0.0049779415130615234 seconds
2019-10-23 14:19:13,674 - root - INFO - SUCCESS    Navigated to http://www.baidu.com, Spend 0.30518174171447754 seconds
2019-10-23 14:19:13,781 - root - INFO - SUCCESS    Clear and type element: <id->kw> content: 小石头tester, Spend 0.10568380355834961 seconds
2019-10-23 14:19:14,017 - root - INFO - SUCCESS    Clicked element: <id->su>, Spend 0.23636746406555176 seconds
2019-10-23 14:19:16,025 - root - INFO - SUCCESS    Get current window title, Spend 0.004923105239868164 seconds
2019-10-23 14:19:17,671 - root - INFO - SUCCESS    Closed all window and quit the driver, Spend 1.6445512771606445 seconds
2019-10-23 14:19:17,671 - root - INFO - ###############################  End  ###############################
2019-10-23 14:40:29,979 - root - INFO - ############################### START ###############################
2019-10-23 14:40:39,248 - root - INFO - SUCCESS    Start a new browser: firefox, Spend 9.268224239349365 seconds
2019-10-23 14:40:39,512 - root - INFO - SUCCESS    Set browser window maximized, Spend 0.26134538650512695 seconds
2019-10-23 14:41:00,666 - root - INFO - FAIL    Unable to load http:\192.168.54.124, Spend 21.153165817260742 seconds
2019-10-23 14:41:01,800 - root - INFO - SUCCESS    Closed all window and quit the driver, Spend 1.132476806640625 seconds
2019-10-23 14:41:01,801 - root - INFO - ###############################  End  ###############################
2019-10-23 14:55:06,011 - root - INFO - ############################### START ###############################
2019-10-23 14:55:15,305 - root - INFO - SUCCESS    Start a new browser: firefox, Spend 9.292520999908447 seconds
2019-10-23 14:55:15,586 - root - INFO - SUCCESS    Set browser window maximized, Spend 0.2812814712524414 seconds
2019-10-23 14:55:16,462 - root - INFO - SUCCESS    Closed all window and quit the driver, Spend 0.8756694793701172 seconds
2019-10-23 14:55:16,462 - root - INFO - ###############################  End  ###############################
2019-10-23 14:55:51,729 - root - INFO - ############################### START ###############################
2019-10-23 14:56:00,992 - root - INFO - SUCCESS    Start a new browser: firefox, Spend 9.261247634887695 seconds
2019-10-23 14:56:01,266 - root - INFO - SUCCESS    Set browser window maximized, Spend 0.27329230308532715 seconds
2019-10-23 14:56:06,124 - root - INFO - FAIL    Unable to load http:\http:\\192.168.54.13, Spend 4.856264114379883 seconds
2019-10-23 14:56:09,470 - root - INFO - SUCCESS    Closed all window and quit the driver, Spend 3.3450562953948975 seconds
2019-10-23 14:56:09,470 - root - INFO - ###############################  End  ###############################
2019-10-23 14:56:48,477 - root - INFO - ############################### START ###############################
2019-10-23 14:56:57,790 - root - INFO - SUCCESS    Start a new browser: firefox, Spend 9.311076641082764 seconds
2019-10-23 14:56:58,052 - root - INFO - SUCCESS    Set browser window maximized, Spend 0.26078128814697266 seconds
2019-10-23 14:57:02,731 - root - INFO - FAIL    Unable to load http:\http:\\192.168.54.13, Spend 4.678468942642212 seconds
2019-10-23 14:57:05,831 - root - INFO - SUCCESS    Closed all window and quit the driver, Spend 3.100710153579712 seconds
2019-10-23 14:57:05,832 - root - INFO - ###############################  End  ###############################
2019-10-23 14:57:32,908 - root - INFO - ############################### START ###############################
2019-10-23 14:57:42,201 - root - INFO - SUCCESS    Start a new browser: firefox, Spend 9.292126655578613 seconds
2019-10-23 14:57:42,466 - root - INFO - SUCCESS    Set browser window maximized, Spend 0.26330065727233887 seconds
2019-10-23 14:57:42,936 - root - INFO - SUCCESS    Navigated to http:\\192.168.54.13, Spend 0.4697537422180176 seconds
2019-10-23 14:57:42,937 - root - INFO - FAIL    Unable to clear and type element: <//input[@name='username']> content: 系统管理员, Spend 0.0 seconds
2019-10-23 14:57:43,982 - root - INFO - SUCCESS    Closed all window and quit the driver, Spend 1.0443263053894043 seconds
2019-10-23 14:57:43,983 - root - INFO - ###############################  End  ###############################
2019-10-23 14:58:31,652 - root - INFO - ############################### START ###############################
2019-10-23 14:58:40,949 - root - INFO - SUCCESS    Start a new browser: firefox, Spend 9.296118974685669 seconds
2019-10-23 14:58:41,235 - root - INFO - SUCCESS    Set browser window maximized, Spend 0.2842411994934082 seconds
2019-10-23 14:58:41,741 - root - INFO - SUCCESS    Navigated to http:\\192.168.54.13, Spend 0.5042297840118408 seconds
2019-10-23 14:58:41,818 - root - INFO - SUCCESS    Clear and type element: <xpath -> //input[@name='username']> content: 系统管理员, Spend 0.07580065727233887 seconds
2019-10-23 14:58:41,861 - root - INFO - SUCCESS    Clear and type element: <xpath -> //input[@name='password']> content: 123456, Spend 0.04288601875305176 seconds
2019-10-23 14:58:41,906 - root - INFO - SUCCESS    Clear and type element: <xpath -> //input[@name='captcha']> content: 12344, Spend 0.043883562088012695 seconds
2019-10-23 14:58:42,622 - root - INFO - SUCCESS    Clicked element: <xpath -> //button[contains(.,'登录')]>, Spend 0.7150776386260986 seconds
2019-10-23 14:58:44,080 - root - INFO - SUCCESS    Closed all window and quit the driver, Spend 1.4566161632537842 seconds
2019-10-23 14:58:44,080 - root - INFO - ###############################  End  ###############################
2019-10-23 15:00:19,211 - root - INFO - ############################### START ###############################
2019-10-23 15:00:28,663 - root - INFO - SUCCESS    Start a new browser: firefox, Spend 9.450743913650513 seconds
2019-10-23 15:00:28,933 - root - INFO - SUCCESS    Set browser window maximized, Spend 0.26733827590942383 seconds
2019-10-23 15:00:29,472 - root - INFO - SUCCESS    Navigated to http:\\192.168.54.13, Spend 0.5375082492828369 seconds
2019-10-23 15:00:29,540 - root - INFO - SUCCESS    Clear and type element: <xpath -> //input[@name='username']> content: 系统管理员, Spend 0.06682372093200684 seconds
2019-10-23 15:00:29,590 - root - INFO - SUCCESS    Clear and type element: <xpath -> //input[@name='password']> content: 123456, Spend 0.04986715316772461 seconds
2019-10-23 15:00:29,634 - root - INFO - SUCCESS    Clear and type element: <xpath -> //input[@name='captcha']> content: 12344, Spend 0.043882131576538086 seconds
2019-10-23 15:00:35,814 - root - INFO - SUCCESS    Clicked element: <xpath -> //button[contains(.,'登录')]>, Spend 1.178663730621338 seconds
2019-10-23 15:00:36,876 - root - INFO - SUCCESS    Closed all window and quit the driver, Spend 1.059593915939331 seconds
2019-10-23 15:00:36,876 - root - INFO - ###############################  End  ###############################
2019-10-23 15:21:04,956 - root - INFO - SUCCESS    Start a new browser: firefox, Spend 9.281947135925293 seconds
2019-10-23 15:21:09,995 - root - INFO - FAIL    Unable to clear and type element: <xpath -> //input[@name='username']> content: 系统管理员, Spend 5.037583351135254 seconds
2019-10-23 15:23:20,586 - root - INFO - SUCCESS    Start a new browser: firefox, Spend 9.262405395507812 seconds
2019-10-23 15:23:20,853 - root - INFO - SUCCESS    Set browser window maximized, Spend 0.26432156562805176 seconds
2019-10-23 15:23:25,911 - root - INFO - FAIL    Unable to clear and type element: <xpath -> //input[@name='username']> content: 系统管理员, Spend 5.057499170303345 seconds
2019-10-23 15:23:53,915 - root - INFO - SUCCESS    Start a new browser: firefox, Spend 9.354992628097534 seconds
2019-10-23 15:23:54,192 - root - INFO - SUCCESS    Set browser window maximized, Spend 0.2756061553955078 seconds
2019-10-23 15:23:54,675 - root - INFO - SUCCESS    Navigated to http:\\192.168.54.13, Spend 0.48223114013671875 seconds
2019-10-23 15:23:54,851 - root - INFO - SUCCESS    Clear and type element: <xpath -> //input[@name='username']> content: 系统管理员, Spend 0.1765298843383789 seconds
2019-10-23 15:23:54,896 - root - INFO - SUCCESS    Clear and type element: <xpath -> //input[@name='password']> content: 123456, Spend 0.04487729072570801 seconds
2019-10-23 15:23:54,946 - root - INFO - SUCCESS    Clear and type element: <xpath -> //input[@name='captcha']> content: 1234, Spend 0.04787278175354004 seconds
2019-10-23 15:23:57,632 - root - INFO - SUCCESS    Clicked element: <xpath -> //button[contains(.,'登录')]>, Spend 0.6851725578308105 seconds
2019-10-23 15:59:26,194 - root - INFO - SUCCESS    Start a new browser: firefox, Spend 10.013232707977295 seconds
2019-10-23 15:59:26,474 - root - INFO - SUCCESS    Set browser window maximized, Spend 0.27829647064208984 seconds
2019-10-23 15:59:27,144 - root - INFO - SUCCESS    Navigated to http:\\192.168.54.13, Spend 0.6702084541320801 seconds
2019-10-23 15:59:27,219 - root - INFO - SUCCESS    Clear and type element: <xpath -> //input[@name='username']> content: 系统管理员, Spend 0.07280707359313965 seconds
2019-10-23 15:59:27,266 - root - INFO - SUCCESS    Clear and type element: <xpath -> //input[@name='password']> content: 123456, Spend 0.04487919807434082 seconds
2019-10-23 15:59:27,307 - root - INFO - SUCCESS    Clear and type element: <xpath -> //input[@name='captcha']> content: 1234, Spend 0.03989267349243164 seconds
2019-10-23 15:59:30,038 - root - INFO - SUCCESS    Clicked element: <xpath -> //button[contains(.,'登录')]>, Spend 0.7290499210357666 seconds
2019-10-23 16:01:10,905 - root - INFO - SUCCESS    Start a new browser: firefox, Spend 9.299482583999634 seconds
2019-10-23 16:01:11,173 - root - INFO - SUCCESS    Set browser window maximized, Spend 0.2665672302246094 seconds
2019-10-23 16:01:11,697 - root - INFO - SUCCESS    Navigated to http:\\192.168.54.13, Spend 0.5225896835327148 seconds
2019-10-23 16:01:11,849 - root - INFO - SUCCESS    Clear and type element: <xpath -> //input[@name='username']> content: 系统管理员, Spend 0.15259575843811035 seconds
2019-10-23 16:01:11,879 - root - INFO - SUCCESS    Clear and type element: <xpath -> //input[@name='password']> content: 123456, Spend 0.029916048049926758 seconds
2019-10-23 16:01:11,908 - root - INFO - SUCCESS    Clear and type element: <xpath -> //input[@name='captcha']> content: 1234, Spend 0.027944564819335938 seconds
2019-10-23 16:01:14,593 - root - INFO - SUCCESS    Clicked element: <xpath -> //button[contains(.,'登录')]>, Spend 0.684168815612793 seconds
2019-10-23 16:22:17,395 - root - INFO - SUCCESS    Start a new browser: firefox, Spend 9.306126594543457 seconds
2019-10-23 16:22:17,665 - root - INFO - SUCCESS    Set browser window maximized, Spend 0.2694735527038574 seconds
2019-10-23 16:22:18,240 - root - INFO - SUCCESS    Navigated to http:\\192.168.54.13, Spend 0.572472095489502 seconds
2019-10-23 16:22:18,291 - root - INFO - SUCCESS    Clear and type element: <xpath -> //input[@name='username']> content: 系统管理员, Spend 0.05086970329284668 seconds
2019-10-23 16:22:18,321 - root - INFO - SUCCESS    Clear and type element: <xpath -> //input[@name='password']> content: 123456, Spend 0.030912160873413086 seconds
2019-10-23 16:22:18,348 - root - INFO - SUCCESS    Clear and type element: <xpath -> //input[@name='captcha']> content: 1234, Spend 0.025932788848876953 seconds
2019-10-23 16:22:21,355 - root - INFO - SUCCESS    Clicked element: <xpath -> //button[contains(.,'登录')]>, Spend 1.0051357746124268 seconds
2019-10-23 16:22:21,783 - root - INFO - SUCCESS    Move to element: <xpath -> //i>, Spend 0.4268920421600342 seconds
2019-10-23 16:22:24,564 - root - INFO - SUCCESS    Clicked element: <xpath -> //li[contains(.,'资源节点管理')]>, Spend 1.77923583984375 seconds
2019-10-23 17:12:25,817 - root - INFO - SUCCESS    Start a new browser: firefox, Spend 8.831392526626587 seconds
2019-10-23 17:12:26,097 - root - INFO - SUCCESS    Set browser window maximized, Spend 0.27726030349731445 seconds
2019-10-23 17:12:26,699 - root - INFO - SUCCESS    Navigated to http:\\192.168.54.13, Spend 0.6024329662322998 seconds
2019-10-23 17:12:26,753 - root - INFO - SUCCESS    Clear and type element: <xpath -> //input[@name='username']> content: 系统管理员, Spend 0.05286526679992676 seconds
2019-10-23 17:12:26,789 - root - INFO - SUCCESS    Clear and type element: <xpath -> //input[@name='password']> content: 123456, Spend 0.035904884338378906 seconds
2019-10-23 17:12:26,827 - root - INFO - SUCCESS    Clear and type element: <xpath -> //input[@name='captcha']> content: 1234, Spend 0.03590202331542969 seconds
2019-10-23 17:12:29,904 - root - INFO - SUCCESS    Clicked element: <xpath -> //button[contains(.,'登录')]>, Spend 1.076117753982544 seconds
2019-10-23 17:12:30,183 - root - INFO - SUCCESS    Move to element: <xpath -> //i>, Spend 0.2772552967071533 seconds
2019-10-23 17:12:33,365 - root - INFO - SUCCESS    Clicked element: <xpath -> //li[contains(.,'资源节点管理')]>, Spend 2.1820130348205566 seconds
2019-10-23 17:12:33,731 - root - INFO - SUCCESS    Clicked element: <xpath->//button/i>, Spend 0.36601877212524414 seconds
2019-10-23 17:13:23,550 - root - INFO - SUCCESS    Start a new browser: firefox, Spend 9.401832818984985 seconds
2019-10-23 17:13:23,817 - root - INFO - SUCCESS    Set browser window maximized, Spend 0.2648739814758301 seconds
2019-10-23 17:13:24,461 - root - INFO - SUCCESS    Navigated to http:\\192.168.54.13, Spend 0.6441650390625 seconds
2019-10-23 17:13:24,521 - root - INFO - SUCCESS    Clear and type element: <xpath -> //input[@name='username']> content: 系统管理员, Spend 0.05884385108947754 seconds
2019-10-23 17:13:24,565 - root - INFO - SUCCESS    Clear and type element: <xpath -> //input[@name='password']> content: 123456, Spend 0.04288911819458008 seconds
2019-10-23 17:13:24,605 - root - INFO - SUCCESS    Clear and type element: <xpath -> //input[@name='captcha']> content: 1234, Spend 0.03789663314819336 seconds
2019-10-23 17:13:27,398 - root - INFO - SUCCESS    Clicked element: <xpath -> //button[contains(.,'登录')]>, Spend 0.7928740978240967 seconds
2019-10-23 17:13:27,681 - root - INFO - SUCCESS    Move to element: <xpath -> //i>, Spend 0.28127479553222656 seconds
2019-10-23 17:13:30,487 - root - INFO - SUCCESS    Clicked element: <xpath -> //li[contains(.,'资源节点管理')]>, Spend 1.8049612045288086 seconds
2019-10-23 17:13:30,788 - root - INFO - SUCCESS    Clicked element: <xpath->//button/i>, Spend 0.3011593818664551 seconds
2019-10-23 17:14:34,247 - root - INFO - SUCCESS    Start a new browser: firefox, Spend 9.296127557754517 seconds
2019-10-23 17:14:34,523 - root - INFO - SUCCESS    Set browser window maximized, Spend 0.2753632068634033 seconds
2019-10-23 17:14:35,114 - root - INFO - SUCCESS    Navigated to http:\\192.168.54.13, Spend 0.5894145965576172 seconds
2019-10-23 17:14:35,271 - root - INFO - SUCCESS    Clear and type element: <xpath -> //input[@name='username']> content: 系统管理员, Spend 0.15558671951293945 seconds
2019-10-23 17:14:35,300 - root - INFO - SUCCESS    Clear and type element: <xpath -> //input[@name='password']> content: 123456, Spend 0.0279238224029541 seconds
2019-10-23 17:14:35,326 - root - INFO - SUCCESS    Clear and type element: <xpath -> //input[@name='captcha']> content: 1234, Spend 0.02490973472595215 seconds
2019-10-23 17:14:38,688 - root - INFO - SUCCESS    Clicked element: <xpath -> //button[contains(.,'登录')]>, Spend 1.3614051342010498 seconds
2019-10-23 17:14:38,979 - root - INFO - SUCCESS    Move to element: <xpath -> //i>, Spend 0.2892169952392578 seconds
2019-10-23 17:14:42,004 - root - INFO - SUCCESS    Clicked element: <xpath -> //li[contains(.,'资源节点管理')]>, Spend 2.0245859622955322 seconds
2019-10-23 17:14:42,299 - root - INFO - SUCCESS    Clicked element: <xpath->//button/i>, Spend 0.2931845188140869 seconds
2019-10-23 17:15:22,958 - root - INFO - SUCCESS    Start a new browser: firefox, Spend 9.80479097366333 seconds
2019-10-23 17:15:23,234 - root - INFO - SUCCESS    Set browser window maximized, Spend 0.27503275871276855 seconds
2019-10-23 17:15:23,770 - root - INFO - SUCCESS    Navigated to http:\\192.168.54.13, Spend 0.5356204509735107 seconds
2019-10-23 17:15:23,826 - root - INFO - SUCCESS    Clear and type element: <xpath -> //input[@name='username']> content: 系统管理员, Spend 0.05485081672668457 seconds
2019-10-23 17:15:23,987 - root - INFO - SUCCESS    Clear and type element: <xpath -> //input[@name='password']> content: 123456, Spend 0.15957236289978027 seconds
2019-10-23 17:15:24,019 - root - INFO - SUCCESS    Clear and type element: <xpath -> //input[@name='captcha']> content: 1234, Spend 0.03191661834716797 seconds
2019-10-23 17:15:26,825 - root - INFO - SUCCESS    Clicked element: <xpath -> //button[contains(.,'登录')]>, Spend 0.802851676940918 seconds
2019-10-23 17:15:27,120 - root - INFO - SUCCESS    Move to element: <xpath -> //i>, Spend 0.2952086925506592 seconds
2019-10-23 17:15:28,158 - root - INFO - FAIL    Unable to click element: <xpath -> //li[contains(.,'资源节点管理')]>, Spend 0.03673672676086426 seconds
2019-10-23 17:16:38,017 - root - INFO - SUCCESS    Start a new browser: firefox, Spend 9.313103437423706 seconds
2019-10-23 17:16:38,305 - root - INFO - SUCCESS    Set browser window maximized, Spend 0.2872323989868164 seconds
2019-10-23 17:16:38,854 - root - INFO - SUCCESS    Navigated to http:\\192.168.54.13, Spend 0.5484964847564697 seconds
2019-10-23 17:16:38,913 - root - INFO - SUCCESS    Clear and type element: <xpath -> //input[@name='username']> content: 系统管理员, Spend 0.05684828758239746 seconds
2019-10-23 17:16:38,960 - root - INFO - SUCCESS    Clear and type element: <xpath -> //input[@name='password']> content: 123456, Spend 0.04587125778198242 seconds
2019-10-23 17:16:39,007 - root - INFO - SUCCESS    Clear and type element: <xpath -> //input[@name='captcha']> content: 1234, Spend 0.045877695083618164 seconds
2019-10-23 17:16:41,805 - root - INFO - SUCCESS    Clicked element: <xpath -> //button[contains(.,'登录')]>, Spend 0.7958722114562988 seconds
2019-10-23 17:16:42,094 - root - INFO - SUCCESS    Move to element: <xpath -> //i>, Spend 0.28822898864746094 seconds
2019-10-23 17:16:45,027 - root - INFO - SUCCESS    Clicked element: <xpath -> //li[contains(.,'资源节点管理')]>, Spend 1.9330692291259766 seconds
2019-10-23 17:16:45,341 - root - INFO - SUCCESS    Clicked element: <xpath->//button/i>, Spend 0.31316208839416504 seconds
2019-10-23 17:27:35,128 - root - INFO - SUCCESS    Start a new browser: firefox, Spend 9.28615140914917 seconds
2019-10-23 17:27:35,398 - root - INFO - SUCCESS    Set browser window maximized, Spend 0.2682797908782959 seconds
2019-10-23 17:27:36,055 - root - INFO - SUCCESS    Navigated to http:\\192.168.54.13, Spend 0.6562473773956299 seconds
2019-10-23 17:27:36,126 - root - INFO - SUCCESS    Clear and type element: <xpath -> //input[@name='username']> content: 系统管理员, Spend 0.06881284713745117 seconds
2019-10-23 17:27:36,171 - root - INFO - SUCCESS    Clear and type element: <xpath -> //input[@name='password']> content: 123456, Spend 0.04288291931152344 seconds
2019-10-23 17:27:36,209 - root - INFO - SUCCESS    Clear and type element: <xpath -> //input[@name='captcha']> content: 1234, Spend 0.03789949417114258 seconds
2019-10-23 17:27:39,026 - root - INFO - SUCCESS    Clicked element: <xpath -> //button[contains(.,'登录')]>, Spend 0.8158202171325684 seconds
2019-10-23 17:27:39,302 - root - INFO - SUCCESS    Move to element: <xpath -> //i>, Spend 0.2742655277252197 seconds
2019-10-23 17:27:42,165 - root - INFO - SUCCESS    Clicked element: <xpath -> //li[contains(.,'资源节点管理')]>, Spend 1.8620240688323975 seconds
2019-10-23 17:27:42,506 - root - INFO - SUCCESS    Clicked element: <xpath->//button/i>, Spend 0.3400869369506836 seconds
2019-10-23 17:27:44,801 - root - INFO - SUCCESS    Clicked element: <xpath -> //form[@id='regAddAndEdit_form']/div/div/div/div/div/span/span[2]/span >, Spend 0.2911677360534668 seconds
2019-10-23 17:27:44,904 - root - INFO - SUCCESS    Clear and type element: <xpath ->//textarea[@name='regDesc'] > content: 1234567654321, Spend 0.10070395469665527 seconds
2019-10-23 17:28:21,921 - root - INFO - SUCCESS    Start a new browser: firefox, Spend 9.275176048278809 seconds
2019-10-23 17:28:22,194 - root - INFO - SUCCESS    Set browser window maximized, Spend 0.27238011360168457 seconds
2019-10-23 17:28:22,845 - root - INFO - SUCCESS    Navigated to http:\\192.168.54.13, Spend 0.6502628326416016 seconds
2019-10-23 17:28:22,912 - root - INFO - SUCCESS    Clear and type element: <xpath -> //input[@name='username']> content: 系统管理员, Spend 0.06583189964294434 seconds
2019-10-23 17:28:22,965 - root - INFO - SUCCESS    Clear and type element: <xpath -> //input[@name='password']> content: 123456, Spend 0.05086159706115723 seconds
2019-10-23 17:28:23,018 - root - INFO - SUCCESS    Clear and type element: <xpath -> //input[@name='captcha']> content: 1234, Spend 0.052858829498291016 seconds
2019-10-23 17:28:25,934 - root - INFO - SUCCESS    Clicked element: <xpath -> //button[contains(.,'登录')]>, Spend 0.9135525226593018 seconds
2019-10-23 17:28:26,384 - root - INFO - SUCCESS    Move to element: <xpath -> //i>, Spend 0.4497969150543213 seconds
2019-10-23 17:28:29,193 - root - INFO - SUCCESS    Clicked element: <xpath -> //li[contains(.,'资源节点管理')]>, Spend 1.8091659545898438 seconds
2019-10-23 17:28:29,496 - root - INFO - SUCCESS    Clicked element: <xpath->//button/i>, Spend 0.30016279220581055 seconds
2019-10-23 17:28:31,807 - root - INFO - SUCCESS    Clicked element: <xpath -> //form[@id='regAddAndEdit_form']/div/div/div/div/div/span/span[2]/span >, Spend 0.3090853691101074 seconds
2019-10-23 17:28:36,867 - root - INFO - FAIL    Unable to click element: <xpath -> //form[@id='regAddAndEdit_form']/div/div/div/div/div/span/span[4]/span >, Spend 5.05944037437439 seconds
2019-10-23 17:30:54,586 - root - INFO - SUCCESS    Start a new browser: firefox, Spend 9.334796667098999 seconds
2019-10-23 17:30:54,852 - root - INFO - SUCCESS    Set browser window maximized, Spend 0.2648582458496094 seconds
2019-10-23 17:30:55,525 - root - INFO - SUCCESS    Navigated to http:\\192.168.54.13, Spend 0.6712038516998291 seconds
2019-10-23 17:30:55,672 - root - INFO - SUCCESS    Clear and type element: <xpath -> //input[@name='username']> content: 系统管理员, Spend 0.145613431930542 seconds
2019-10-23 17:30:55,704 - root - INFO - SUCCESS    Clear and type element: <xpath -> //input[@name='password']> content: 123456, Spend 0.031914710998535156 seconds
2019-10-23 17:30:55,728 - root - INFO - SUCCESS    Clear and type element: <xpath -> //input[@name='captcha']> content: 1234, Spend 0.023132801055908203 seconds
2019-10-23 17:30:59,600 - root - INFO - SUCCESS    Clicked element: <xpath -> //button[contains(.,'登录')]>, Spend 1.8703765869140625 seconds
2019-10-23 17:30:59,875 - root - INFO - SUCCESS    Move to element: <xpath -> //i>, Spend 0.2742655277252197 seconds
2019-10-23 17:31:02,735 - root - INFO - SUCCESS    Clicked element: <xpath -> //li[contains(.,'资源节点管理')]>, Spend 1.858985185623169 seconds
2019-10-23 17:31:03,063 - root - INFO - SUCCESS    Clicked element: <xpath->//button/i>, Spend 0.32613086700439453 seconds
2019-10-23 17:31:05,342 - root - INFO - SUCCESS    Clicked element: <xpath -> //form[@id='regAddAndEdit_form']/div/div/div/div/div/span/span[2]/span >, Spend 0.27408456802368164 seconds
2019-10-23 17:31:05,400 - root - INFO - SUCCESS    Clear and type element: <xpath -> (//input[@type='search'])[4]> content: 河南, Spend 0.05688834190368652 seconds
2019-10-23 17:31:05,482 - root - INFO - SUCCESS    Clear and type element: <xpath ->//textarea[@name='regDesc'] > content: 1234567654321, Spend 0.08173918724060059 seconds
2019-10-23 18:02:27,951 - root - INFO - SUCCESS    Start a new browser: firefox, Spend 9.306123971939087 seconds
2019-10-23 18:02:28,232 - root - INFO - SUCCESS    Set browser window maximized, Spend 0.2785451412200928 seconds
2019-10-23 18:02:28,888 - root - INFO - SUCCESS    Navigated to http:\\192.168.54.13, Spend 0.6552176475524902 seconds
2019-10-23 18:02:28,943 - root - INFO - SUCCESS    Clear and type element: <xpath -> //input[@name='username']> content: 系统管理员, Spend 0.05485081672668457 seconds
2019-10-23 18:02:28,985 - root - INFO - SUCCESS    Clear and type element: <xpath -> //input[@name='password']> content: 123456, Spend 0.04188990592956543 seconds
2019-10-23 18:02:29,033 - root - INFO - SUCCESS    Clear and type element: <xpath -> //input[@name='captcha']> content: 1234, Spend 0.04786992073059082 seconds
2019-10-23 18:02:31,748 - root - INFO - SUCCESS    Clicked element: <xpath -> //button[contains(.,'登录')]>, Spend 0.7140898704528809 seconds
2019-10-23 18:02:32,216 - root - INFO - SUCCESS    Move to element: <xpath -> //i>, Spend 0.4657578468322754 seconds
2019-10-23 18:02:35,149 - root - INFO - SUCCESS    Clicked element: <xpath -> //li[contains(.,'资源节点管理')]>, Spend 1.9327621459960938 seconds
2019-10-23 18:02:35,466 - root - INFO - SUCCESS    Clicked element: <xpath->//button/i>, Spend 0.31714963912963867 seconds
2019-10-23 18:02:37,870 - root - INFO - SUCCESS    Clicked element: <xpath -> //form[@id='regAddAndEdit_form']/div/div/div/div/div/span/span[2]/span >, Spend 0.40276288986206055 seconds
2019-10-23 18:02:38,498 - root - INFO - SUCCESS    Element <xpath -> (//input[@type='search'])[4]> type content: 河南,and sleep 0.5 seconds,input ENTER key, Spend 0.6263716220855713 seconds
2019-10-23 18:02:38,667 - root - INFO - SUCCESS    Clear and type element: <name -> regName_> content: auto_test, Spend 0.16654729843139648 seconds
2019-10-23 18:02:38,917 - root - INFO - SUCCESS    Clicked element: <xpath -> //div[3]/div/div/div/span/span[2]/span>, Spend 0.2503316402435303 seconds
2019-10-23 18:02:39,529 - root - INFO - SUCCESS    Element <xpath -> (//input[@type='search'])[5]> type content: OpenStack L,and sleep 0.5 seconds,input ENTER key, Spend 0.6103687286376953 seconds
2019-10-23 18:02:39,797 - root - INFO - SUCCESS    Clicked element: <xpath->//div[4]/div/div/div/span/span[2]/span>, Spend 0.26628613471984863 seconds
2019-10-23 18:02:40,489 - root - INFO - SUCCESS    Element <xpath->(//input[@type='search'])[6]> type content: 业务云,and sleep 0.5 seconds,input ENTER key, Spend 0.691155195236206 seconds
2019-10-23 18:02:40,758 - root - INFO - SUCCESS    Clicked element: <xpath->//div[2]/div[5]/div/div/div/span/span[2]>, Spend 0.2682802677154541 seconds
2019-10-23 18:02:41,358 - root - INFO - SUCCESS    Element <xpath->(//input[@type='search'])[7]> type content: VMware,and sleep 0.5 seconds,input ENTER key, Spend 0.5993983745574951 seconds
2019-10-23 18:02:41,460 - root - INFO - SUCCESS    Clear and type element: <xpath ->//textarea[@name='regDesc'] > content: auto_test, Spend 0.10168981552124023 seconds
2019-10-23 18:03:23,157 - root - INFO - SUCCESS    Start a new browser: firefox, Spend 9.820746660232544 seconds
2019-10-23 18:03:23,437 - root - INFO - SUCCESS    Set browser window maximized, Spend 0.2782633304595947 seconds
2019-10-23 18:03:24,150 - root - INFO - SUCCESS    Navigated to http:\\192.168.54.13, Spend 0.7122423648834229 seconds
2019-10-23 18:03:24,230 - root - INFO - SUCCESS    Clear and type element: <xpath -> //input[@name='username']> content: 系统管理员, Spend 0.07978630065917969 seconds
2019-10-23 18:03:24,274 - root - INFO - SUCCESS    Clear and type element: <xpath -> //input[@name='password']> content: 123456, Spend 0.04288601875305176 seconds
2019-10-23 18:03:24,314 - root - INFO - SUCCESS    Clear and type element: <xpath -> //input[@name='captcha']> content: 1234, Spend 0.03789806365966797 seconds
2019-10-23 18:03:27,680 - root - INFO - SUCCESS    Clicked element: <xpath -> //button[contains(.,'登录')]>, Spend 1.3643457889556885 seconds
2019-10-23 18:03:27,976 - root - INFO - SUCCESS    Move to element: <xpath -> //i>, Spend 0.2952125072479248 seconds
2019-10-23 18:03:30,975 - root - INFO - SUCCESS    Clicked element: <xpath -> //li[contains(.,'资源节点管理')]>, Spend 1.9976511001586914 seconds
2019-10-23 18:03:31,262 - root - INFO - SUCCESS    Clicked element: <xpath->//button/i>, Spend 0.2862386703491211 seconds
2019-10-23 18:03:33,584 - root - INFO - SUCCESS    Clicked element: <xpath -> //form[@id='regAddAndEdit_form']/div/div/div/div/div/span/span[2]/span >, Spend 0.320009708404541 seconds
2019-10-23 18:03:34,198 - root - INFO - SUCCESS    Element <xpath -> (//input[@type='search'])[4]> type content: 河南,and sleep 0.5 seconds,input ENTER key, Spend 0.6133654117584229 seconds
2019-10-23 18:03:34,351 - root - INFO - SUCCESS    Clear and type element: <name -> regName_> content: auto_test, Spend 0.15153789520263672 seconds
2019-10-23 18:03:34,596 - root - INFO - SUCCESS    Clicked element: <xpath -> //div[3]/div/div/div/span/span[2]/span>, Spend 0.245344877243042 seconds
2019-10-23 18:03:35,224 - root - INFO - SUCCESS    Element <xpath -> (//input[@type='search'])[5]> type content: OpenStack L,and sleep 0.5 seconds,input ENTER key, Spend 0.6253025531768799 seconds
2019-10-23 18:03:35,507 - root - INFO - SUCCESS    Clicked element: <xpath->//div[4]/div/div/div/span/span[2]/span>, Spend 0.28324294090270996 seconds
2019-10-23 18:03:36,068 - root - INFO - SUCCESS    Element <xpath->(//input[@type='search'])[6]> type content: 业务云,and sleep 0.5 seconds,input ENTER key, Spend 0.5605003833770752 seconds
2019-10-23 18:03:36,345 - root - INFO - SUCCESS    Clicked element: <xpath->//div[2]/div[5]/div/div/div/span/span[2]>, Spend 0.27523159980773926 seconds
2019-10-23 18:03:36,933 - root - INFO - SUCCESS    Element <xpath->(//input[@type='search'])[7]> type content: VMware,and sleep 0.5 seconds,input ENTER key, Spend 0.5874314308166504 seconds
2019-10-23 18:03:37,061 - root - INFO - SUCCESS    Clear and type element: <xpath ->//textarea[@name='regDesc'] > content: auto_test, Spend 0.1276569366455078 seconds
2019-10-23 18:03:42,133 - root - INFO - FAIL    Unable to click element: <xpath->//div[28]/div/div[3]/button>, Spend 5.071623086929321 seconds
2019-10-23 18:04:35,963 - root - INFO - SUCCESS    Start a new browser: firefox, Spend 9.316062450408936 seconds
2019-10-23 18:04:36,266 - root - INFO - SUCCESS    Set browser window maximized, Spend 0.3002011775970459 seconds
2019-10-23 18:04:36,968 - root - INFO - SUCCESS    Navigated to http:\\192.168.54.13, Spend 0.7001261711120605 seconds
2019-10-23 18:04:37,046 - root - INFO - SUCCESS    Clear and type element: <xpath -> //input[@name='username']> content: 系统管理员, Spend 0.07679295539855957 seconds
2019-10-23 18:04:37,084 - root - INFO - SUCCESS    Clear and type element: <xpath -> //input[@name='password']> content: 123456, Spend 0.037895917892456055 seconds
2019-10-23 18:04:37,130 - root - INFO - SUCCESS    Clear and type element: <xpath -> //input[@name='captcha']> content: 1234, Spend 0.04488229751586914 seconds
2019-10-23 18:04:40,652 - root - INFO - SUCCESS    Clicked element: <xpath -> //button[contains(.,'登录')]>, Spend 1.519806146621704 seconds
2019-10-23 18:04:40,947 - root - INFO - SUCCESS    Move to element: <xpath -> //i>, Spend 0.29421186447143555 seconds
2019-10-23 18:04:43,660 - root - INFO - SUCCESS    Clicked element: <xpath -> //li[contains(.,'资源节点管理')]>, Spend 1.7123782634735107 seconds
2019-10-23 18:04:44,010 - root - INFO - SUCCESS    Clicked element: <xpath->//button/i>, Spend 0.349071741104126 seconds
2019-10-23 18:04:46,372 - root - INFO - SUCCESS    Clicked element: <xpath -> //form[@id='regAddAndEdit_form']/div/div/div/div/div/span/span[2]/span >, Spend 0.35903215408325195 seconds
2019-10-23 18:04:46,954 - root - INFO - SUCCESS    Element <xpath -> (//input[@type='search'])[4]> type content: 河南,and sleep 0.5 seconds,input ENTER key, Spend 0.5824413299560547 seconds
2019-10-23 18:04:47,101 - root - INFO - SUCCESS    Clear and type element: <name -> regName_> content: auto_test, Spend 0.14458274841308594 seconds
2019-10-23 18:04:47,353 - root - INFO - SUCCESS    Clicked element: <xpath -> //div[3]/div/div/div/span/span[2]/span>, Spend 0.25232553482055664 seconds
2019-10-23 18:04:47,979 - root - INFO - SUCCESS    Element <xpath -> (//input[@type='search'])[5]> type content: OpenStack L,and sleep 0.5 seconds,input ENTER key, Spend 0.6243252754211426 seconds
2019-10-23 18:04:48,253 - root - INFO - SUCCESS    Clicked element: <xpath->//div[4]/div/div/div/span/span[2]/span>, Spend 0.27226734161376953 seconds
2019-10-23 18:04:48,809 - root - INFO - SUCCESS    Element <xpath->(//input[@type='search'])[6]> type content: 业务云,and sleep 0.5 seconds,input ENTER key, Spend 0.5555150508880615 seconds
2019-10-23 18:04:49,119 - root - INFO - SUCCESS    Clicked element: <xpath->//div[2]/div[5]/div/div/div/span/span[2]>, Spend 0.31017088890075684 seconds
2019-10-23 18:04:49,743 - root - INFO - SUCCESS    Element <xpath->(//input[@type='search'])[7]> type content: VMware,and sleep 0.5 seconds,input ENTER key, Spend 0.6213433742523193 seconds
2019-10-23 18:04:49,853 - root - INFO - SUCCESS    Clear and type element: <xpath ->//textarea[@name='regDesc'] > content: auto_test, Spend 0.11069893836975098 seconds
2019-10-23 18:04:50,081 - root - INFO - SUCCESS    Clicked element: <css->#regAddAndEdit .btn-primary>, Spend 0.22640252113342285 seconds
2019-10-23 18:14:09,166 - root - INFO - SUCCESS    Start a new browser: firefox, Spend 9.382758855819702 seconds
2019-10-23 18:14:09,470 - root - INFO - SUCCESS    Set browser window maximized, Spend 0.3022167682647705 seconds
2019-10-23 18:14:10,186 - root - INFO - SUCCESS    Navigated to http:\\192.168.54.13, Spend 0.7151460647583008 seconds
2019-10-23 18:14:10,246 - root - INFO - SUCCESS    Clear and type element: <xpath -> //input[@name='username']> content: 系统管理员, Spend 0.05784106254577637 seconds
2019-10-23 18:14:10,288 - root - INFO - SUCCESS    Clear and type element: <xpath -> //input[@name='password']> content: 123456, Spend 0.04189252853393555 seconds
2019-10-23 18:14:10,336 - root - INFO - SUCCESS    Clear and type element: <xpath -> //input[@name='captcha']> content: 1234, Spend 0.04687809944152832 seconds
2019-10-23 18:14:13,663 - root - INFO - SUCCESS    Clicked element: <xpath -> //button[contains(.,'登录')]>, Spend 1.324329137802124 seconds
2019-10-23 18:14:13,950 - root - INFO - SUCCESS    Move to element: <xpath -> //i>, Spend 0.2852611541748047 seconds
2019-10-23 18:14:16,846 - root - INFO - SUCCESS    Clicked element: <xpath -> //li[contains(.,'资源节点管理')]>, Spend 1.8949520587921143 seconds
2019-10-23 18:14:17,141 - root - INFO - SUCCESS    Clicked element: <xpath->//button/i>, Spend 0.29523181915283203 seconds
2019-10-23 18:14:19,414 - root - INFO - SUCCESS    Clicked element: <xpath -> //form[@id='regAddAndEdit_form']/div/div/div/div/div/span/span[2]/span >, Spend 0.27030110359191895 seconds
2019-10-23 18:14:20,033 - root - INFO - SUCCESS    Element <xpath -> (//input[@type='search'])[4]> type content: 河南,and sleep 0.5 seconds,input ENTER key, Spend 0.6183967590332031 seconds
2019-10-23 18:14:20,188 - root - INFO - SUCCESS    Clear and type element: <name -> regName_> content: auto_test01, Spend 0.15459871292114258 seconds
2019-10-23 18:14:20,439 - root - INFO - SUCCESS    Clicked element: <xpath -> //div[3]/div/div/div/span/span[2]/span>, Spend 0.2503509521484375 seconds
2019-10-23 18:14:21,100 - root - INFO - SUCCESS    Element <xpath -> (//input[@type='search'])[5]> type content: OpenStack L,and sleep 0.5 seconds,input ENTER key, Spend 0.660327672958374 seconds
2019-10-23 18:14:21,402 - root - INFO - SUCCESS    Clicked element: <xpath->//div[4]/div/div/div/span/span[2]/span>, Spend 0.30121397972106934 seconds
2019-10-23 18:14:22,017 - root - INFO - SUCCESS    Element <xpath->(//input[@type='search'])[6]> type content: 业务云,and sleep 0.5 seconds,input ENTER key, Spend 0.6134114265441895 seconds
2019-10-23 18:14:22,291 - root - INFO - SUCCESS    Clicked element: <xpath->//div[2]/div[5]/div/div/div/span/span[2]>, Spend 0.27328991889953613 seconds
2019-10-23 18:14:22,913 - root - INFO - SUCCESS    Element <xpath->(//input[@type='search'])[7]> type content: VMware,and sleep 0.5 seconds,input ENTER key, Spend 0.620394229888916 seconds
2019-10-23 18:14:23,034 - root - INFO - SUCCESS    Clear and type element: <xpath ->//textarea[@name='regDesc'] > content: auto_test, Spend 0.11868786811828613 seconds
2019-10-23 18:14:23,267 - root - INFO - SUCCESS    Clicked element: <css->#regAddAndEdit .btn-primary>, Spend 0.23239731788635254 seconds
2019-10-23 18:51:05,517 - root - INFO - SUCCESS    Start a new browser: firefox, Spend 9.379512548446655 seconds
2019-10-23 18:51:05,785 - root - INFO - SUCCESS    Set browser window maximized, Spend 0.26700878143310547 seconds
2019-10-23 18:51:06,413 - root - INFO - SUCCESS    Navigated to http:\\192.168.54.13, Spend 0.6273746490478516 seconds
2019-10-23 18:51:06,479 - root - INFO - SUCCESS    Clear and type element: <xpath -> //input[@name='username']> content: 系统管理员, Spend 0.06483030319213867 seconds
2019-10-23 18:51:06,520 - root - INFO - SUCCESS    Clear and type element: <xpath -> //input[@name='password']> content: 123456, Spend 0.0408935546875 seconds
2019-10-23 18:51:06,560 - root - INFO - SUCCESS    Clear and type element: <xpath -> //input[@name='captcha']> content: 1234, Spend 0.038898468017578125 seconds
2019-10-23 18:51:09,945 - root - INFO - SUCCESS    Clicked element: <xpath -> //button[contains(.,'登录')]>, Spend 1.3823919296264648 seconds
2019-10-23 18:51:15,017 - root - INFO - FAIL    Unable to click element: <xpath->//a[contains(.,'河南')]/parent::li//child::i>, Spend 5.071763515472412 seconds
2019-10-23 18:51:56,965 - root - INFO - SUCCESS    Start a new browser: firefox, Spend 9.306714534759521 seconds
2019-10-23 18:51:57,250 - root - INFO - SUCCESS    Set browser window maximized, Spend 0.28237104415893555 seconds
2019-10-23 18:51:57,779 - root - INFO - SUCCESS    Navigated to http:\\192.168.54.13, Spend 0.528620719909668 seconds
2019-10-23 18:51:57,951 - root - INFO - SUCCESS    Clear and type element: <xpath -> //input[@name='username']> content: 系统管理员, Spend 0.1715853214263916 seconds
2019-10-23 18:51:57,992 - root - INFO - SUCCESS    Clear and type element: <xpath -> //input[@name='password']> content: 123456, Spend 0.03986167907714844 seconds
2019-10-23 18:51:58,037 - root - INFO - SUCCESS    Clear and type element: <xpath -> //input[@name='captcha']> content: 1234, Spend 0.043885231018066406 seconds
2019-10-23 18:52:01,474 - root - INFO - SUCCESS    Clicked element: <xpath -> //button[contains(.,'登录')]>, Spend 1.4352514743804932 seconds
2019-10-23 18:52:01,763 - root - INFO - SUCCESS    Move to element: <xpath -> //i>, Spend 0.28725743293762207 seconds
2019-10-23 18:52:04,653 - root - INFO - SUCCESS    Clicked element: <xpath -> //li[contains(.,'资源节点管理')]>, Spend 1.8889453411102295 seconds
2019-10-23 18:52:05,024 - root - INFO - SUCCESS    Clicked element: <xpath->//a[contains(.,'河南')]/parent::li//child::i>, Spend 0.36904096603393555 seconds
2019-10-23 18:52:05,310 - root - INFO - SUCCESS    Clicked element: <xpath->//a[contains(text(),'111111')]>, Spend 0.2822566032409668 seconds
2019-10-23 18:52:05,604 - root - INFO - SUCCESS    Clicked element: <xpath -> //button[2]/i>, Spend 0.2922937870025635 seconds
2019-10-23 18:58:33,215 - root - INFO - SUCCESS    Start a new browser: firefox, Spend 9.272770643234253 seconds
2019-10-23 18:58:33,496 - root - INFO - SUCCESS    Set browser window maximized, Spend 0.278515100479126 seconds
2019-10-23 18:58:34,001 - root - INFO - SUCCESS    Navigated to http:\\192.168.54.13, Spend 0.5046820640563965 seconds
2019-10-23 18:58:34,167 - root - INFO - SUCCESS    Clear and type element: <xpath -> //input[@name='username']> content: 系统管理员, Spend 0.16557025909423828 seconds
2019-10-23 18:58:34,201 - root - INFO - SUCCESS    Clear and type element: <xpath -> //input[@name='password']> content: 123456, Spend 0.03291201591491699 seconds
2019-10-23 18:58:34,238 - root - INFO - SUCCESS    Clear and type element: <xpath -> //input[@name='captcha']> content: 1234, Spend 0.03690361976623535 seconds
2019-10-23 18:58:37,846 - root - INFO - SUCCESS    Clicked element: <xpath -> //button[contains(.,'登录')]>, Spend 1.6067414283752441 seconds
2019-10-23 18:58:38,138 - root - INFO - SUCCESS    Move to element: <xpath -> //i>, Spend 0.29029345512390137 seconds
2019-10-23 18:58:41,044 - root - INFO - SUCCESS    Clicked element: <xpath -> //li[contains(.,'资源节点管理')]>, Spend 1.9049901962280273 seconds
2019-10-23 18:58:41,282 - root - INFO - SUCCESS    Clicked element: <xpath->//a[contains(.,'河南')]/parent::li//child::i>, Spend 0.2383441925048828 seconds
2019-10-23 18:58:41,533 - root - INFO - SUCCESS    Clicked element: <xpath->//a[contains(text(),'111111')]>, Spend 0.24935150146484375 seconds
2019-10-23 18:58:41,896 - root - INFO - SUCCESS    Clicked element: <xpath -> //button[2]/i>, Spend 0.36002230644226074 seconds
2019-10-23 18:58:44,054 - root - INFO - SUCCESS    Clear and type element: <name->serviceName> content: vmware-api, Spend 0.15652060508728027 seconds
2019-10-23 18:58:44,312 - root - INFO - SUCCESS    Clicked element: <xpath->//div[2]/div/div/div/span/span[2]/span>, Spend 0.25732851028442383 seconds
2019-10-23 18:58:44,952 - root - INFO - SUCCESS    Element <xpath->//div/div[2]/div/div/input> type content: vmware,and sleep 0.5 seconds,input ENTER key, Spend 0.6383366584777832 seconds
2019-10-23 18:58:45,217 - root - INFO - SUCCESS    Clear and type element: <name->authenInfo> content: administrator@vsphere.local, Spend 0.26331162452697754 seconds
2019-10-23 18:58:45,331 - root - INFO - SUCCESS    Clear and type element: <xpath->(//input[@name='authenInfo'])[2]> content: P@ssw0rd, Spend 0.11270737648010254 seconds
2019-10-23 18:58:46,648 - root - INFO - SUCCESS    Clicked element: <css->#serAddAndEdit .btn-primary>, Spend 0.3161640167236328 seconds
2019-10-23 19:24:39,869 - root - INFO - SUCCESS    Start a new browser: firefox, Spend 9.87720775604248 seconds
2019-10-23 19:24:40,142 - root - INFO - SUCCESS    Set browser window maximized, Spend 0.27129197120666504 seconds
2019-10-23 19:24:40,862 - root - INFO - SUCCESS    Navigated to http:\\192.168.54.13, Spend 0.7191944122314453 seconds
2019-10-23 19:24:40,925 - root - INFO - SUCCESS    Clear and type element: <xpath -> //input[@name='username']> content: 系统管理员, Spend 0.06184220314025879 seconds
2019-10-23 19:24:40,964 - root - INFO - SUCCESS    Clear and type element: <xpath -> //input[@name='password']> content: 123456, Spend 0.03690338134765625 seconds
2019-10-23 19:24:40,996 - root - INFO - SUCCESS    Clear and type element: <xpath -> //input[@name='captcha']> content: 1234, Spend 0.030920743942260742 seconds
2019-10-23 19:24:44,777 - root - INFO - SUCCESS    Clicked element: <xpath -> //button[contains(.,'登录')]>, Spend 1.7802026271820068 seconds
2019-10-23 19:24:44,778 - root - INFO - 跳转到资源节点页面
2019-10-23 19:24:45,060 - root - INFO - SUCCESS    Move to element: <xpath -> //i>, Spend 0.28026676177978516 seconds
2019-10-23 19:24:48,194 - root - INFO - SUCCESS    Clicked element: <xpath -> //li[contains(.,'资源节点管理')]>, Spend 2.1322834491729736 seconds
2019-10-23 19:24:48,194 - root - INFO - 添加endpint
2019-10-23 19:24:48,575 - root - INFO - SUCCESS    Clicked element: <xpath->//a[contains(.,'河南')]/parent::li//child::i>, Spend 0.37899184226989746 seconds
2019-10-23 19:24:48,899 - root - INFO - SUCCESS    Clicked element: <xpath->//a[contains(text(),'111111')]>, Spend 0.3221602439880371 seconds
2019-10-23 19:24:49,198 - root - INFO - SUCCESS    Clicked element: <xpath->//a[contains(text(),'111111')]/parent::li//child::i>, Spend 0.2962803840637207 seconds
2019-10-23 19:24:49,480 - root - INFO - SUCCESS    Clicked element: <xpath->(//a[contains(text(),'vmware-api')])[2]>, Spend 0.2782285213470459 seconds
2019-10-23 19:24:49,799 - root - INFO - SUCCESS    Clicked element: <xpath->//i[contains(.,'添加')]>, Spend 0.318112850189209 seconds
2019-10-23 19:24:49,800 - root - INFO - FAIL    Unable to clear and type element: <ath=(//input[@type='text'])[13]> content: http://192.168.54.136, Spend 0.0010089874267578125 seconds
2019-10-23 19:26:09,452 - root - INFO - SUCCESS    Start a new browser: firefox, Spend 9.275279760360718 seconds
2019-10-23 19:26:09,790 - root - INFO - SUCCESS    Set browser window maximized, Spend 0.33710312843322754 seconds
2019-10-23 19:26:10,653 - root - INFO - SUCCESS    Navigated to http:\\192.168.54.13, Spend 0.8609802722930908 seconds
2019-10-23 19:26:10,729 - root - INFO - SUCCESS    Clear and type element: <xpath -> //input[@name='username']> content: 系统管理员, Spend 0.07579612731933594 seconds
2019-10-23 19:26:10,770 - root - INFO - SUCCESS    Clear and type element: <xpath -> //input[@name='password']> content: 123456, Spend 0.039891719818115234 seconds
2019-10-23 19:26:10,810 - root - INFO - SUCCESS    Clear and type element: <xpath -> //input[@name='captcha']> content: 1234, Spend 0.03889584541320801 seconds
2019-10-23 19:26:14,263 - root - INFO - SUCCESS    Clicked element: <xpath -> //button[contains(.,'登录')]>, Spend 1.4499707221984863 seconds
2019-10-23 19:26:14,263 - root - INFO - 跳转到资源节点页面
2019-10-23 19:26:14,549 - root - INFO - SUCCESS    Move to element: <xpath -> //i>, Spend 0.28429722785949707 seconds
2019-10-23 19:26:17,347 - root - INFO - SUCCESS    Clicked element: <xpath -> //li[contains(.,'资源节点管理')]>, Spend 1.7972049713134766 seconds
2019-10-23 19:26:17,348 - root - INFO - 添加endpint
2019-10-23 19:26:17,700 - root - INFO - SUCCESS    Clicked element: <xpath->//a[contains(.,'河南')]/parent::li//child::i>, Spend 0.35106801986694336 seconds
2019-10-23 19:26:17,949 - root - INFO - SUCCESS    Clicked element: <xpath->//a[contains(text(),'111111')]>, Spend 0.2483375072479248 seconds
2019-10-23 19:26:18,209 - root - INFO - SUCCESS    Clicked element: <xpath->//a[contains(text(),'111111')]/parent::li//child::i>, Spend 0.25729846954345703 seconds
2019-10-23 19:26:18,492 - root - INFO - SUCCESS    Clicked element: <xpath->(//a[contains(text(),'vmware-api')])[2]>, Spend 0.28027772903442383 seconds
2019-10-23 19:26:18,818 - root - INFO - SUCCESS    Clicked element: <xpath->//i[contains(.,'添加')]>, Spend 0.32219576835632324 seconds
2019-10-23 19:26:19,026 - root - INFO - SUCCESS    Clear and type element: <xpath->(//input[@type='text'])[13]> content: http://192.168.54.136, Spend 0.20744013786315918 seconds
2019-10-23 19:26:19,273 - root - INFO - SUCCESS    Clicked element: <xpath->//td[4]/button>, Spend 0.24637079238891602 seconds
